#
# A fatal error has been detected by the Java Runtime Environment:
#
#  SIGSEGV (0xb) at pc=0x0000000105848358, pid=30760, tid=19203
#
# JRE version: Java(TM) SE Runtime Environment (8.0_91-b14) (build 1.8.0_91-b14)
# Java VM: Java HotSpot(TM) 64-Bit Server VM (25.91-b14 mixed mode bsd-amd64 compressed oops)
# Problematic frame:
# V  [libjvm.dylib+0x448358]  Method::checked_resolve_jmethod_id(_jmethodID*)+0xe
#
# Failed to write core dump. Core dumps have been disabled. To enable core dumping, try "ulimit -c unlimited" before starting Java again
#
# If you would like to submit a bug report, please visit:
#   http://bugreport.java.com/bugreport/crash.jsp
#

---------------  T H R E A D  ---------------

Current thread (0x00007fcf89016000):  JavaThread "JDWP Transport Listener: dt_socket" daemon [_thread_in_vm, id=19203, stack(0x000070000d1be000,0x000070000d2be000)]

siginfo: si_signo: 11 (SIGSEGV), si_code: 0 (unknown), si_addr: 0x0000000000000000

Registers:
RAX=0x0000000000000001, RBX=0x000070000d2bda8b, RCX=0x0000000105c18340, RDX=0x000070000d2bda8b
RSP=0x000070000d2bd9d0, RBP=0x000070000d2bd9e0, RSI=0x00007fcf89016000, RDI=0x700007fcf8d0c0be
R8 =0x0000000000000000, R9 =0x00007fcf8d0bf3c0, R10=0x0000000000000001, R11=0x0000000000000001
R12=0x00007fcf89016000, R13=0x700007fcf8d0c0be, R14=0x700007fcf8d0c0be, R15=0x00007fcf88602700
RIP=0x0000000105848358, EFLAGS=0x0000000000010206, ERR=0x0000000000000000
  TRAPNO=0x000000000000000d

Top of Stack: (sp=0x000070000d2bd9d0)
0x000070000d2bd9d0:   000070000d2bda8b 000070000d2bda8b
0x000070000d2bd9e0:   000070000d2bda40 0000000105757316
0x000070000d2bd9f0:   00007fcf89016000 0000000000000000
0x000070000d2bda00:   0000000000000000 0000000000000000
0x000070000d2bda10:   00007fcf89016000 00007fcf89016000
0x000070000d2bda20:   000070000d2bda8b 000070000d2bda90
0x000070000d2bda30:   700007fcf8d0c0be 0000000000000001
0x000070000d2bda40:   000070000d2bda60 00000001042ce780
0x000070000d2bda50:   0000000000000001 000070000d2bdb08
0x000070000d2bda60:   000070000d2bdad0 00000001042b31f3
0x000070000d2bda70:   000070000d2bdaa0 00007fcf8d0bdc20
0x000070000d2bda80:   0000000200000032 00000001002bdb08
0x000070000d2bda90:   0000000000000000 0000000000000000
0x000070000d2bdaa0:   0000000000000000 000070000d2bdc90
0x000070000d2bdab0:   00000001042d5e7a 00007fcf8a6d2380
0x000070000d2bdac0:   000070000d2bdb08 00000001042e1598
0x000070000d2bdad0:   000070000d2bdae0 00000001042b32ec
0x000070000d2bdae0:   000070000d2bdd00 00000001042bc898
0x000070000d2bdaf0:   0000a90400000013 00000000000f0200
0x000070000d2bdb00:   00007fcf8d0c0d50 000070000d2bdb7d
0x000070000d2bdb10:   00007fcf00000107 000070000d2bdb20
0x000070000d2bdb20:   00007fcf00000025 000070000d2bdb58
0x000070000d2bdb30:   0000000000000000 0000000000000000
0x000070000d2bdb40:   0000a9040000001c 00007fcf00006a80
0x000070000d2bdb50:   000070000d2bdb58 cf7f000002000000
0x000070000d2bdb60:   06000000a0be008d 00003e74696e693c
0x000070000d2bdb70:   0000005629280300 2f67690100000000
0x000070000d2bdb80:   7475416e656b6f54 74616369746e6568
0x000070000d2bdb90:   69767265536e6f69 00000000313b6563
0x000070000d2bdba0:   320000003d000000 4b00000000000000
0x000070000d2bdbb0:   0000000031000000 330000004d000000
0x000070000d2bdbc0:   5600000000000000 0000000034000000 

Instructions: (pc=0x0000000105848358)
0x0000000105848338:   40 48 48 85 c0 75 e0 30 c0 0f b6 c0 5d c3 31 c0
0x0000000105848348:   5d c3 55 48 89 e5 53 48 83 ec 08 48 85 ff 74 24
0x0000000105848358:   48 8b 1f 48 85 db 74 1c 48 83 fb 37 74 16 48 8b
0x0000000105848368:   03 48 89 df ff 50 10 84 c0 b8 00 00 00 00 48 0f 

Register to memory mapping:

RAX=0x0000000000000001 is an unknown value
RBX=0x000070000d2bda8b is pointing into the stack for thread: 0x00007fcf89016000
RCX=0x0000000105c18340: UseMembar+0 in /Library/Java/JavaVirtualMachines/jdk1.8.0_91.jdk/Contents/Home/jre/lib/server/libjvm.dylib at 0x0000000105400000
RDX=0x000070000d2bda8b is pointing into the stack for thread: 0x00007fcf89016000
RSP=0x000070000d2bd9d0 is pointing into the stack for thread: 0x00007fcf89016000
RBP=0x000070000d2bd9e0 is pointing into the stack for thread: 0x00007fcf89016000
RSI=0x00007fcf89016000 is a thread
RDI=0x700007fcf8d0c0be is an unknown value
R8 =0x0000000000000000 is an unknown value
R9 =0x00007fcf8d0bf3c0 is an unknown value
R10=0x0000000000000001 is an unknown value
R11=0x0000000000000001 is an unknown value
R12=0x00007fcf89016000 is a thread
R13=0x700007fcf8d0c0be is an unknown value
R14=0x700007fcf8d0c0be is an unknown value
R15=0x00007fcf88602700 is an unknown value


Stack: [0x000070000d1be000,0x000070000d2be000],  sp=0x000070000d2bd9d0,  free space=1022k
Native frames: (J=compiled Java code, j=interpreted, Vv=VM code, C=native code)
V  [libjvm.dylib+0x448358]  Method::checked_resolve_jmethod_id(_jmethodID*)+0xe
V  [libjvm.dylib+0x357316]  jvmti_IsMethodSynthetic+0xb2
C  [libjdwp.dylib+0x20780]  isMethodSynthetic+0x63
C  [libjdwp.dylib+0x51f3]  methods1+0x10b
C  [libjdwp.dylib+0x52ec]  methodsWithGeneric+0xe
C  [libjdwp.dylib+0xe898]  debugLoop_run+0x1ce
C  [libjdwp.dylib+0x1f6ba]  attachThread+0x4d
V  [libjvm.dylib+0x39867c]  JvmtiAgentThread::call_start_function()+0x38
V  [libjvm.dylib+0x563d17]  JavaThread::thread_main_inner()+0x9b
V  [libjvm.dylib+0x565412]  JavaThread::run()+0x1c2
V  [libjvm.dylib+0x484f82]  java_start(Thread*)+0xf6
C  [libsystem_pthread.dylib+0x393b]  _pthread_body+0xb4
C  [libsystem_pthread.dylib+0x3887]  _pthread_body+0x0
C  [libsystem_pthread.dylib+0x308d]  thread_start+0xd
C  0x0000000000000000


---------------  P R O C E S S  ---------------

Java Threads: ( => current thread )
  0x00007fcf8b700800 JavaThread "DestroyJavaVM" [_thread_blocked, id=7171, stack(0x000070000c497000,0x000070000c597000)]
  0x00007fcf89822000 JavaThread "http-nio-8091-AsyncTimeout" daemon [_thread_blocked, id=37123, stack(0x000070000f44f000,0x000070000f54f000)]
  0x00007fcf8b6ff000 JavaThread "http-nio-8091-Acceptor-0" daemon [_thread_in_native, id=36611, stack(0x000070000f34c000,0x000070000f44c000)]
  0x00007fcf8c82d800 JavaThread "http-nio-8091-ClientPoller-1" daemon [_thread_in_native, id=36099, stack(0x000070000f249000,0x000070000f349000)]
  0x00007fcf8d816000 JavaThread "http-nio-8091-ClientPoller-0" daemon [_thread_in_native, id=35587, stack(0x000070000f146000,0x000070000f246000)]
  0x00007fcf88a2e800 JavaThread "http-nio-8091-exec-10" daemon [_thread_blocked, id=35075, stack(0x000070000f043000,0x000070000f143000)]
  0x00007fcf89259800 JavaThread "http-nio-8091-exec-9" daemon [_thread_blocked, id=34563, stack(0x000070000ef40000,0x000070000f040000)]
  0x00007fcf89258800 JavaThread "http-nio-8091-exec-8" daemon [_thread_blocked, id=34051, stack(0x000070000ee3d000,0x000070000ef3d000)]
  0x00007fcf8c022000 JavaThread "http-nio-8091-exec-7" daemon [_thread_blocked, id=33539, stack(0x000070000ed3a000,0x000070000ee3a000)]
  0x00007fcf8c81c800 JavaThread "http-nio-8091-exec-6" daemon [_thread_blocked, id=33027, stack(0x000070000ec37000,0x000070000ed37000)]
  0x00007fcf8d80e800 JavaThread "http-nio-8091-exec-5" daemon [_thread_blocked, id=32515, stack(0x000070000eb34000,0x000070000ec34000)]
  0x00007fcf8d80d800 JavaThread "http-nio-8091-exec-4" daemon [_thread_blocked, id=32003, stack(0x000070000ea31000,0x000070000eb31000)]
  0x00007fcf8d807000 JavaThread "http-nio-8091-exec-3" daemon [_thread_blocked, id=31491, stack(0x000070000e92e000,0x000070000ea2e000)]
  0x00007fcf89258000 JavaThread "http-nio-8091-exec-2" daemon [_thread_blocked, id=30979, stack(0x000070000e82b000,0x000070000e92b000)]
  0x00007fcf89248800 JavaThread "http-nio-8091-exec-1" daemon [_thread_blocked, id=30467, stack(0x000070000e728000,0x000070000e828000)]
  0x00007fcf8b6fe000 JavaThread "NioBlockingSelector.BlockPoller-1" daemon [_thread_in_native, id=29955, stack(0x000070000e625000,0x000070000e725000)]
  0x00007fcf88a2e000 JavaThread "Thread-4" daemon [_thread_in_native, id=29443, stack(0x000070000e522000,0x000070000e622000)]
  0x00007fcf88a03000 JavaThread "Thread-3" daemon [_thread_in_native, id=28931, stack(0x000070000e41f000,0x000070000e51f000)]
  0x00007fcf8d808000 JavaThread "process reaper" daemon [_thread_in_native, id=28419, stack(0x000070000e3f4000,0x000070000e41c000)]
  0x00007fcf889d3800 JavaThread "CleanCursors-1-thread-1" daemon [_thread_blocked, id=27907, stack(0x000070000e2f1000,0x000070000e3f1000)]
  0x00007fcf891e0000 JavaThread "cluster-ClusterId{value='5b46290b845d31782853c4b0', description='null'}-localhost:27017" daemon [_thread_blocked, id=27395, stack(0x000070000e1ee000,0x000070000e2ee000)]
  0x00007fcf8b69f000 JavaThread "container-0" [_thread_blocked, id=26883, stack(0x000070000e0eb000,0x000070000e1eb000)]
  0x00007fcf8b69a000 JavaThread "ContainerBackgroundProcessor[StandardEngine[Tomcat]]" daemon [_thread_blocked, id=26371, stack(0x000070000dfe8000,0x000070000e0e8000)]
  0x00007fcf89048000 JavaThread "RMI TCP Accept-0" daemon [_thread_in_native, id=24323, stack(0x000070000dbdc000,0x000070000dcdc000)]
  0x00007fcf8b035800 JavaThread "RMI TCP Accept-63599" daemon [_thread_in_native, id=23811, stack(0x000070000dad9000,0x000070000dbd9000)]
  0x00007fcf8b2ef000 JavaThread "RMI TCP Accept-0" daemon [_thread_in_native, id=23299, stack(0x000070000d9d6000,0x000070000dad6000)]
  0x00007fcf88881000 JavaThread "Service Thread" daemon [_thread_blocked, id=22787, stack(0x000070000d8d3000,0x000070000d9d3000)]
  0x00007fcf8886d800 JavaThread "C1 CompilerThread3" daemon [_thread_blocked, id=22275, stack(0x000070000d7d0000,0x000070000d8d0000)]
  0x00007fcf8886d000 JavaThread "C2 CompilerThread2" daemon [_thread_blocked, id=21763, stack(0x000070000d6cd000,0x000070000d7cd000)]
  0x00007fcf8886a800 JavaThread "C2 CompilerThread1" daemon [_thread_blocked, id=21251, stack(0x000070000d5ca000,0x000070000d6ca000)]
  0x00007fcf8886c000 JavaThread "C2 CompilerThread0" daemon [_thread_blocked, id=20739, stack(0x000070000d4c7000,0x000070000d5c7000)]
  0x00007fcf8b800000 JavaThread "JDWP Command Reader" daemon [_thread_in_native, id=20227, stack(0x000070000d3c4000,0x000070000d4c4000)]
  0x00007fcf8b034800 JavaThread "JDWP Event Helper Thread" daemon [_thread_blocked, id=19715, stack(0x000070000d2c1000,0x000070000d3c1000)]
=>0x00007fcf89016000 JavaThread "JDWP Transport Listener: dt_socket" daemon [_thread_in_vm, id=19203, stack(0x000070000d1be000,0x000070000d2be000)]
  0x00007fcf8883c800 JavaThread "Signal Dispatcher" daemon [_thread_blocked, id=18691, stack(0x000070000d0bb000,0x000070000d1bb000)]
  0x00007fcf88861800 JavaThread "Finalizer" daemon [_thread_blocked, id=14595, stack(0x000070000cfb8000,0x000070000d0b8000)]
  0x00007fcf8a81f800 JavaThread "Reference Handler" daemon [_thread_blocked, id=14083, stack(0x000070000ceb5000,0x000070000cfb5000)]

Other Threads:
  0x00007fcf88860800 VMThread [stack: 0x000070000cdb2000,0x000070000ceb2000] [id=13571]
  0x00007fcf89058800 WatcherThread [stack: 0x000070000dcdf000,0x000070000dddf000] [id=24835]

VM state:not at safepoint (normal execution)

VM Mutex/Monitor currently owned by a thread: None

Heap:
 PSYoungGen      total 343552K, used 83240K [0x000000076ab00000, 0x0000000781100000, 0x00000007c0000000)
  eden space 327168K, 20% used [0x000000076ab00000,0x000000076ec51768,0x000000077ea80000)
  from space 16384K, 99% used [0x0000000780100000,0x00000007810f8b08,0x0000000781100000)
  to   space 18432K, 0% used [0x000000077ed00000,0x000000077ed00000,0x000000077ff00000)
 ParOldGen       total 151552K, used 21918K [0x00000006c0000000, 0x00000006c9400000, 0x000000076ab00000)
  object space 151552K, 14% used [0x00000006c0000000,0x00000006c1567908,0x00000006c9400000)
 Metaspace       used 42973K, capacity 45288K, committed 45568K, reserved 1089536K
  class space    used 5945K, capacity 6351K, committed 6400K, reserved 1048576K

Card table byte_map: [0x0000000115f7d000,0x000000011677e000] byte_map_base: 0x000000011297d000

Marking Bits: (ParMarkBitMap*) 0x0000000105ce6eb0
 Begin Bits: [0x000000011677e000, 0x000000011a77e000)
 End Bits:   [0x000000011a77e000, 0x000000011e77e000)

Polling page: 0x00000001042ad000

CodeCache: size=245760Kb used=10054Kb max_used=10118Kb free=235705Kb
 bounds [0x0000000106f7d000, 0x000000010796d000, 0x0000000115f7d000]
 total_blobs=5318 nmethods=4888 adapters=351
 compilation: enabled

Compilation events (10 events):
Event: 132.956 Thread 0x00007fcf8886d800 4974       1       org.bson.BsonBinaryWriter::getContext (8 bytes)
Event: 132.956 Thread 0x00007fcf8886d800 nmethod 4974 0x0000000107440850 code [0x00000001074409a0, 0x0000000107440af0]
Event: 132.956 Thread 0x00007fcf8886d800 4973       1       org.bson.AbstractBsonWriter$Context::getContextType (5 bytes)
Event: 132.956 Thread 0x00007fcf8886d800 nmethod 4973 0x0000000107440590 code [0x00000001074406e0, 0x00000001074407f0]
Event: 133.524 Thread 0x00007fcf8886d800 4975       1       org.apache.coyote.AbstractProtocol::access$100 (5 bytes)
Event: 133.524 Thread 0x00007fcf8886d800 nmethod 4975 0x00000001074402d0 code [0x0000000107440420, 0x0000000107440510]
Event: 133.524 Thread 0x00007fcf8886d800 4976       1       org.apache.coyote.AbstractProtocol::access$200 (5 bytes)
Event: 133.524 Thread 0x00007fcf8886d800 nmethod 4976 0x0000000107440010 code [0x0000000107440160, 0x0000000107440250]
Event: 137.741 Thread 0x00007fcf8886d800 4977       1       sun.nio.ch.SelectorImpl::keys (28 bytes)
Event: 137.741 Thread 0x00007fcf8886d800 nmethod 4977 0x000000010743fb50 code [0x000000010743fce0, 0x000000010743feb8]

GC Heap History (10 events):
Event: 2.676 GC heap before
{Heap before GC invocations=8 (full 1):
 PSYoungGen      total 175104K, used 175103K [0x000000076ab00000, 0x0000000778980000, 0x00000007c0000000)
  eden space 163840K, 100% used [0x000000076ab00000,0x0000000774b00000,0x0000000774b00000)
  from space 11264K, 99% used [0x0000000775900000,0x00000007763ffd38,0x0000000776400000)
  to   space 14336K, 0% used [0x0000000774b00000,0x0000000774b00000,0x0000000775900000)
 ParOldGen       total 95744K, used 9547K [0x00000006c0000000, 0x00000006c5d80000, 0x000000076ab00000)
  object space 95744K, 9% used [0x00000006c0000000,0x00000006c0952de8,0x00000006c5d80000)
 Metaspace       used 31476K, capacity 32914K, committed 33024K, reserved 1077248K
  class space    used 4256K, capacity 4532K, committed 4608K, reserved 1048576K
Event: 2.686 GC heap after
Heap after GC invocations=8 (full 1):
 PSYoungGen      total 178176K, used 14313K [0x000000076ab00000, 0x000000077c180000, 0x00000007c0000000)
  eden space 163840K, 0% used [0x000000076ab00000,0x000000076ab00000,0x0000000774b00000)
  from space 14336K, 99% used [0x0000000774b00000,0x00000007758fa5c8,0x0000000775900000)
  to   space 17408K, 0% used [0x000000077b080000,0x000000077b080000,0x000000077c180000)
 ParOldGen       total 95744K, used 11858K [0x00000006c0000000, 0x00000006c5d80000, 0x000000076ab00000)
  object space 95744K, 12% used [0x00000006c0000000,0x00000006c0b94830,0x00000006c5d80000)
 Metaspace       used 31476K, capacity 32914K, committed 33024K, reserved 1077248K
  class space    used 4256K, capacity 4532K, committed 4608K, reserved 1048576K
}
Event: 2.838 GC heap before
{Heap before GC invocations=9 (full 1):
 PSYoungGen      total 178176K, used 53889K [0x000000076ab00000, 0x000000077c180000, 0x00000007c0000000)
  eden space 163840K, 24% used [0x000000076ab00000,0x000000076d1a6020,0x0000000774b00000)
  from space 14336K, 99% used [0x0000000774b00000,0x00000007758fa5c8,0x0000000775900000)
  to   space 17408K, 0% used [0x000000077b080000,0x000000077b080000,0x000000077c180000)
 ParOldGen       total 95744K, used 11858K [0x00000006c0000000, 0x00000006c5d80000, 0x000000076ab00000)
  object space 95744K, 12% used [0x00000006c0000000,0x00000006c0b94830,0x00000006c5d80000)
 Metaspace       used 34001K, capacity 35466K, committed 35496K, reserved 1079296K
  class space    used 4563K, capacity 4862K, committed 4864K, reserved 1048576K
Event: 2.847 GC heap after
Heap after GC invocations=9 (full 1):
 PSYoungGen      total 268800K, used 10663K [0x000000076ab00000, 0x000000077ca80000, 0x00000007c0000000)
  eden space 251392K, 0% used [0x000000076ab00000,0x000000076ab00000,0x000000077a080000)
  from space 17408K, 61% used [0x000000077b080000,0x000000077bae9e10,0x000000077c180000)
  to   space 16384K, 0% used [0x000000077a080000,0x000000077a080000,0x000000077b080000)
 ParOldGen       total 95744K, used 17751K [0x00000006c0000000, 0x00000006c5d80000, 0x000000076ab00000)
  object space 95744K, 18% used [0x00000006c0000000,0x00000006c1155e68,0x00000006c5d80000)
 Metaspace       used 34001K, capacity 35466K, committed 35496K, reserved 1079296K
  class space    used 4563K, capacity 4862K, committed 4864K, reserved 1048576K
}
Event: 2.847 GC heap before
{Heap before GC invocations=10 (full 2):
 PSYoungGen      total 268800K, used 10663K [0x000000076ab00000, 0x000000077ca80000, 0x00000007c0000000)
  eden space 251392K, 0% used [0x000000076ab00000,0x000000076ab00000,0x000000077a080000)
  from space 17408K, 61% used [0x000000077b080000,0x000000077bae9e10,0x000000077c180000)
  to   space 16384K, 0% used [0x000000077a080000,0x000000077a080000,0x000000077b080000)
 ParOldGen       total 95744K, used 17751K [0x00000006c0000000, 0x00000006c5d80000, 0x000000076ab00000)
  object space 95744K, 18% used [0x00000006c0000000,0x00000006c1155e68,0x00000006c5d80000)
 Metaspace       used 34001K, capacity 35466K, committed 35496K, reserved 1079296K
  class space    used 4563K, capacity 4862K, committed 4864K, reserved 1048576K
Event: 2.889 GC heap after
Heap after GC invocations=10 (full 2):
 PSYoungGen      total 268800K, used 0K [0x000000076ab00000, 0x000000077ca80000, 0x00000007c0000000)
  eden space 251392K, 0% used [0x000000076ab00000,0x000000076ab00000,0x000000077a080000)
  from space 17408K, 0% used [0x000000077b080000,0x000000077b080000,0x000000077c180000)
  to   space 16384K, 0% used [0x000000077a080000,0x000000077a080000,0x000000077b080000)
 ParOldGen       total 151552K, used 21294K [0x00000006c0000000, 0x00000006c9400000, 0x000000076ab00000)
  object space 151552K, 14% used [0x00000006c0000000,0x00000006c14cb880,0x00000006c9400000)
 Metaspace       used 34001K, capacity 35466K, committed 35496K, reserved 1079296K
  class space    used 4563K, capacity 4862K, committed 4864K, reserved 1048576K
}
Event: 3.864 GC heap before
{Heap before GC invocations=11 (full 2):
 PSYoungGen      total 268800K, used 251392K [0x000000076ab00000, 0x000000077ca80000, 0x00000007c0000000)
  eden space 251392K, 100% used [0x000000076ab00000,0x000000077a080000,0x000000077a080000)
  from space 17408K, 0% used [0x000000077b080000,0x000000077b080000,0x000000077c180000)
  to   space 16384K, 0% used [0x000000077a080000,0x000000077a080000,0x000000077b080000)
 ParOldGen       total 151552K, used 21294K [0x00000006c0000000, 0x00000006c9400000, 0x000000076ab00000)
  object space 151552K, 14% used [0x00000006c0000000,0x00000006c14cb880,0x00000006c9400000)
 Metaspace       used 38096K, capacity 40060K, committed 40192K, reserved 1083392K
  class space    used 5221K, capacity 5575K, committed 5632K, reserved 1048576K
Event: 3.872 GC heap after
Heap after GC invocations=11 (full 2):
 PSYoungGen      total 267776K, used 11942K [0x000000076ab00000, 0x0000000781100000, 0x00000007c0000000)
  eden space 251392K, 0% used [0x000000076ab00000,0x000000076ab00000,0x000000077a080000)
  from space 16384K, 72% used [0x000000077a080000,0x000000077ac29bc8,0x000000077b080000)
  to   space 16384K, 0% used [0x0000000780100000,0x0000000780100000,0x0000000781100000)
 ParOldGen       total 151552K, used 21302K [0x00000006c0000000, 0x00000006c9400000, 0x000000076ab00000)
  object space 151552K, 14% used [0x00000006c0000000,0x00000006c14cd880,0x00000006c9400000)
 Metaspace       used 38096K, capacity 40060K, committed 40192K, reserved 1083392K
  class space    used 5221K, capacity 5575K, committed 5632K, reserved 1048576K
}
Event: 5.137 GC heap before
{Heap before GC invocations=12 (full 2):
 PSYoungGen      total 267776K, used 263334K [0x000000076ab00000, 0x0000000781100000, 0x00000007c0000000)
  eden space 251392K, 100% used [0x000000076ab00000,0x000000077a080000,0x000000077a080000)
  from space 16384K, 72% used [0x000000077a080000,0x000000077ac29bc8,0x000000077b080000)
  to   space 16384K, 0% used [0x0000000780100000,0x0000000780100000,0x0000000781100000)
 ParOldGen       total 151552K, used 21302K [0x00000006c0000000, 0x00000006c9400000, 0x000000076ab00000)
  object space 151552K, 14% used [0x00000006c0000000,0x00000006c14cd880,0x00000006c9400000)
 Metaspace       used 41164K, capacity 43352K, committed 43520K, reserved 1087488K
  class space    used 5691K, capacity 6091K, committed 6144K, reserved 1048576K
Event: 5.149 GC heap after
Heap after GC invocations=12 (full 2):
 PSYoungGen      total 343552K, used 16354K [0x000000076ab00000, 0x0000000781100000, 0x00000007c0000000)
  eden space 327168K, 0% used [0x000000076ab00000,0x000000076ab00000,0x000000077ea80000)
  from space 16384K, 99% used [0x0000000780100000,0x00000007810f8b08,0x0000000781100000)
  to   space 18432K, 0% used [0x000000077ed00000,0x000000077ed00000,0x000000077ff00000)
 ParOldGen       total 151552K, used 21918K [0x00000006c0000000, 0x00000006c9400000, 0x000000076ab00000)
  object space 151552K, 14% used [0x00000006c0000000,0x00000006c1567908,0x00000006c9400000)
 Metaspace       used 41164K, capacity 43352K, committed 43520K, reserved 1087488K
  class space    used 5691K, capacity 6091K, committed 6144K, reserved 1048576K
}

Deoptimization events (0 events):
No events

Internal exceptions (10 events):
Event: 10.199 Thread 0x00007fcf89248800 Exception <a 'java/lang/ClassNotFoundException': org/springframework/web/servlet/ThemeResolverCustomizer> (0x000000076cbcd2d8) thrown at [/Users/java_re/workspace/8-2-build-macosx-x86_64/jdk8u91/6644/hotspot/src/share/vm/classfile/systemDictionary.cpp, li
Event: 10.201 Thread 0x00007fcf89248800 Exception <a 'java/lang/ClassNotFoundException': java/lang/ObjectCustomizer> (0x000000076cc09aa0) thrown at [/Users/java_re/workspace/8-2-build-macosx-x86_64/jdk8u91/6644/hotspot/src/share/vm/classfile/systemDictionary.cpp, line 210]
Event: 10.203 Thread 0x00007fcf89248800 Exception <a 'java/lang/ClassNotFoundException': org/springframework/web/servlet/view/DefaultRequestToViewNameTranslatorCustomizer> (0x000000076cc67788) thrown at [/Users/java_re/workspace/8-2-build-macosx-x86_64/jdk8u91/6644/hotspot/src/share/vm/classfil
Event: 10.205 Thread 0x00007fcf89248800 Exception <a 'java/lang/ClassNotFoundException': org/springframework/web/servlet/RequestToViewNameTranslatorCustomizer> (0x000000076ccccaf0) thrown at [/Users/java_re/workspace/8-2-build-macosx-x86_64/jdk8u91/6644/hotspot/src/share/vm/classfile/systemDict
Event: 10.208 Thread 0x00007fcf89248800 Exception <a 'java/lang/ClassNotFoundException': java/lang/ObjectCustomizer> (0x000000076cd18d50) thrown at [/Users/java_re/workspace/8-2-build-macosx-x86_64/jdk8u91/6644/hotspot/src/share/vm/classfile/systemDictionary.cpp, line 210]
Event: 10.210 Thread 0x00007fcf89248800 Exception <a 'java/lang/ClassNotFoundException': org/springframework/web/servlet/support/AbstractFlashMapManagerCustomizer> (0x000000076cd71b50) thrown at [/Users/java_re/workspace/8-2-build-macosx-x86_64/jdk8u91/6644/hotspot/src/share/vm/classfile/system
Event: 10.211 Thread 0x00007fcf89248800 Exception <a 'java/lang/ClassNotFoundException': org/springframework/web/servlet/support/SessionFlashMapManagerCustomizer> (0x000000076cdce520) thrown at [/Users/java_re/workspace/8-2-build-macosx-x86_64/jdk8u91/6644/hotspot/src/share/vm/classfile/systemD
Event: 10.213 Thread 0x00007fcf89248800 Exception <a 'java/lang/ClassNotFoundException': org/springframework/web/servlet/FlashMapManagerCustomizer> (0x000000076ce1d248) thrown at [/Users/java_re/workspace/8-2-build-macosx-x86_64/jdk8u91/6644/hotspot/src/share/vm/classfile/systemDictionary.cpp, 
Event: 37.124 Thread 0x00007fcf89248800 Exception <a 'java/lang/NullPointerException'> (0x000000076cfb21a8) thrown at [/Users/java_re/workspace/8-2-build-macosx-x86_64/jdk8u91/6644/hotspot/src/share/vm/interpreter/linkResolver.cpp, line 1178]
Event: 66.821 Thread 0x00007fcf8c022000 Exception <a 'java/lang/NullPointerException'> (0x000000076e2cc608) thrown at [/Users/java_re/workspace/8-2-build-macosx-x86_64/jdk8u91/6644/hotspot/src/share/vm/interpreter/linkResolver.cpp, line 1178]

Events (10 events):
Event: 128.106 Executing VM operation: RedefineClasses
Event: 128.126 Executing VM operation: RedefineClasses done
Event: 128.133 Executing VM operation: ChangeBreakpoints
Event: 128.134 Executing VM operation: ChangeBreakpoints done
Event: 135.467 Executing VM operation: RedefineClasses
Event: 135.487 Executing VM operation: RedefineClasses done
Event: 135.494 Executing VM operation: ChangeBreakpoints
Event: 135.495 Executing VM operation: ChangeBreakpoints done
Event: 138.462 Executing VM operation: RedefineClasses
Event: 138.483 Executing VM operation: RedefineClasses done


Dynamic libraries:
0x0000000016086000 	/System/Library/Frameworks/Cocoa.framework/Versions/A/Cocoa
0x0000000016086000 	/System/Library/Frameworks/Security.framework/Versions/A/Security
0x0000000016086000 	/System/Library/Frameworks/ApplicationServices.framework/Versions/A/ApplicationServices
0x0000000016086000 	/usr/lib/libz.1.dylib
0x0000000016086000 	/usr/lib/libSystem.B.dylib
0x0000000016086000 	/usr/lib/libobjc.A.dylib
0x0000000016086000 	/System/Library/Frameworks/CoreFoundation.framework/Versions/A/CoreFoundation
0x0000000016086000 	/System/Library/Frameworks/Foundation.framework/Versions/C/Foundation
0x0000000016086000 	/System/Library/Frameworks/AppKit.framework/Versions/C/AppKit
0x0000000016086000 	/System/Library/Frameworks/CoreData.framework/Versions/A/CoreData
0x0000000016086000 	/System/Library/PrivateFrameworks/RemoteViewServices.framework/Versions/A/RemoteViewServices
0x0000000016086000 	/System/Library/PrivateFrameworks/UIFoundation.framework/Versions/A/UIFoundation
0x0000000016086000 	/System/Library/PrivateFrameworks/DFRFoundation.framework/Versions/A/DFRFoundation
0x0000000016086000 	/usr/lib/libenergytrace.dylib
0x0000000016086000 	/System/Library/PrivateFrameworks/SkyLight.framework/Versions/A/SkyLight
0x0000000016086000 	/System/Library/Frameworks/CoreGraphics.framework/Versions/A/CoreGraphics
0x0000000016086000 	/usr/lib/libScreenReader.dylib
0x0000000016086000 	/System/Library/Frameworks/Accelerate.framework/Versions/A/Accelerate
0x0000000016086000 	/System/Library/Frameworks/IOSurface.framework/Versions/A/IOSurface
0x0000000016086000 	/System/Library/Frameworks/AudioToolbox.framework/Versions/A/AudioToolbox
0x0000000016086000 	/System/Library/Frameworks/AudioUnit.framework/Versions/A/AudioUnit
0x0000000016086000 	/System/Library/PrivateFrameworks/DataDetectorsCore.framework/Versions/A/DataDetectorsCore
0x0000000016086000 	/System/Library/PrivateFrameworks/DesktopServicesPriv.framework/Versions/A/DesktopServicesPriv
0x0000000016086000 	/System/Library/Frameworks/Carbon.framework/Versions/A/Frameworks/HIToolbox.framework/Versions/A/HIToolbox
0x0000000016086000 	/usr/lib/libicucore.A.dylib
0x0000000016086000 	/System/Library/Frameworks/QuartzCore.framework/Versions/A/QuartzCore
0x0000000016086000 	/System/Library/Frameworks/Carbon.framework/Versions/A/Frameworks/SpeechRecognition.framework/Versions/A/SpeechRecognition
0x0000000016086000 	/usr/lib/libauto.dylib
0x0000000016086000 	/usr/lib/libxml2.2.dylib
0x0000000016086000 	/System/Library/PrivateFrameworks/CoreUI.framework/Versions/A/CoreUI
0x0000000016086000 	/System/Library/Frameworks/CoreAudio.framework/Versions/A/CoreAudio
0x0000000016086000 	/System/Library/Frameworks/DiskArbitration.framework/Versions/A/DiskArbitration
0x0000000016086000 	/usr/lib/liblangid.dylib
0x0000000016086000 	/System/Library/PrivateFrameworks/MultitouchSupport.framework/Versions/A/MultitouchSupport
0x0000000016086000 	/System/Library/Frameworks/IOKit.framework/Versions/A/IOKit
0x0000000016086000 	/usr/lib/libDiagnosticMessagesClient.dylib
0x0000000016086000 	/System/Library/Frameworks/CoreServices.framework/Versions/A/CoreServices
0x0000000016086000 	/System/Library/PrivateFrameworks/PerformanceAnalysis.framework/Versions/A/PerformanceAnalysis
0x0000000016086000 	/System/Library/PrivateFrameworks/GenerationalStorage.framework/Versions/A/GenerationalStorage
0x0000000016086000 	/System/Library/Frameworks/OpenGL.framework/Versions/A/OpenGL
0x0000000016086000 	/System/Library/Frameworks/CoreImage.framework/Versions/A/CoreImage
0x0000000016086000 	/System/Library/Frameworks/CoreText.framework/Versions/A/CoreText
0x0000000016086000 	/System/Library/Frameworks/ImageIO.framework/Versions/A/ImageIO
0x0000000016086000 	/System/Library/PrivateFrameworks/Backup.framework/Versions/A/Backup
0x0000000016086000 	/usr/lib/libarchive.2.dylib
0x0000000016086000 	/System/Library/Frameworks/CFNetwork.framework/Versions/A/CFNetwork
0x0000000016086000 	/System/Library/Frameworks/SystemConfiguration.framework/Versions/A/SystemConfiguration
0x0000000016086000 	/usr/lib/libCRFSuite.dylib
0x0000000016086000 	/usr/lib/libc++.1.dylib
0x0000000016086000 	/usr/lib/libc++abi.dylib
0x0000000016086000 	/usr/lib/system/libcache.dylib
0x0000000016086000 	/usr/lib/system/libcommonCrypto.dylib
0x0000000016086000 	/usr/lib/system/libcompiler_rt.dylib
0x0000000016086000 	/usr/lib/system/libcopyfile.dylib
0x0000000016086000 	/usr/lib/system/libcorecrypto.dylib
0x0000000016086000 	/usr/lib/system/libdispatch.dylib
0x0000000016086000 	/usr/lib/system/libdyld.dylib
0x0000000016086000 	/usr/lib/system/libkeymgr.dylib
0x0000000016086000 	/usr/lib/system/liblaunch.dylib
0x0000000016086000 	/usr/lib/system/libmacho.dylib
0x0000000016086000 	/usr/lib/system/libquarantine.dylib
0x0000000016086000 	/usr/lib/system/libremovefile.dylib
0x0000000016086000 	/usr/lib/system/libsystem_asl.dylib
0x0000000016086000 	/usr/lib/system/libsystem_blocks.dylib
0x0000000016086000 	/usr/lib/system/libsystem_c.dylib
0x0000000016086000 	/usr/lib/system/libsystem_configuration.dylib
0x0000000016086000 	/usr/lib/system/libsystem_coreservices.dylib
0x0000000016086000 	/usr/lib/system/libsystem_coretls.dylib
0x0000000016086000 	/usr/lib/system/libsystem_dnssd.dylib
0x0000000016086000 	/usr/lib/system/libsystem_info.dylib
0x0000000016086000 	/usr/lib/system/libsystem_kernel.dylib
0x0000000016086000 	/usr/lib/system/libsystem_m.dylib
0x0000000016086000 	/usr/lib/system/libsystem_malloc.dylib
0x0000000016086000 	/usr/lib/system/libsystem_network.dylib
0x0000000016086000 	/usr/lib/system/libsystem_networkextension.dylib
0x0000000016086000 	/usr/lib/system/libsystem_notify.dylib
0x0000000016086000 	/usr/lib/system/libsystem_platform.dylib
0x0000000016086000 	/usr/lib/system/libsystem_pthread.dylib
0x0000000016086000 	/usr/lib/system/libsystem_sandbox.dylib
0x0000000016086000 	/usr/lib/system/libsystem_secinit.dylib
0x0000000016086000 	/usr/lib/system/libsystem_symptoms.dylib
0x0000000016086000 	/usr/lib/system/libsystem_trace.dylib
0x0000000016086000 	/usr/lib/system/libunwind.dylib
0x0000000016086000 	/usr/lib/system/libxpc.dylib
0x0000000016086000 	/usr/lib/libbsm.0.dylib
0x0000000016086000 	/usr/lib/system/libkxld.dylib
0x0000000016086000 	/usr/lib/libcoretls.dylib
0x0000000016086000 	/usr/lib/libcoretls_cfhelpers.dylib
0x0000000016086000 	/usr/lib/libOpenScriptingUtil.dylib
0x0000000016086000 	/usr/lib/libpam.2.dylib
0x0000000016086000 	/usr/lib/libsqlite3.dylib
0x0000000016086000 	/usr/lib/libxar.1.dylib
0x0000000016086000 	/usr/lib/libbz2.1.0.dylib
0x0000000016086000 	/usr/lib/liblzma.5.dylib
0x0000000016086000 	/usr/lib/libnetwork.dylib
0x0000000016086000 	/usr/lib/libpcap.A.dylib
0x0000000016086000 	/System/Library/Frameworks/CoreServices.framework/Versions/A/Frameworks/FSEvents.framework/Versions/A/FSEvents
0x0000000016086000 	/System/Library/Frameworks/CoreServices.framework/Versions/A/Frameworks/CarbonCore.framework/Versions/A/CarbonCore
0x0000000016086000 	/System/Library/Frameworks/CoreServices.framework/Versions/A/Frameworks/Metadata.framework/Versions/A/Metadata
0x0000000016086000 	/System/Library/Frameworks/CoreServices.framework/Versions/A/Frameworks/OSServices.framework/Versions/A/OSServices
0x0000000016086000 	/System/Library/Frameworks/CoreServices.framework/Versions/A/Frameworks/SearchKit.framework/Versions/A/SearchKit
0x0000000016086000 	/System/Library/Frameworks/CoreServices.framework/Versions/A/Frameworks/AE.framework/Versions/A/AE
0x0000000016086000 	/System/Library/Frameworks/CoreServices.framework/Versions/A/Frameworks/LaunchServices.framework/Versions/A/LaunchServices
0x0000000016086000 	/System/Library/Frameworks/CoreServices.framework/Versions/A/Frameworks/DictionaryServices.framework/Versions/A/DictionaryServices
0x0000000016086000 	/System/Library/Frameworks/CoreServices.framework/Versions/A/Frameworks/SharedFileList.framework/Versions/A/SharedFileList
0x0000000016086000 	/System/Library/Frameworks/NetFS.framework/Versions/A/NetFS
0x0000000016086000 	/System/Library/PrivateFrameworks/NetAuth.framework/Versions/A/NetAuth
0x0000000016086000 	/System/Library/PrivateFrameworks/login.framework/Versions/A/Frameworks/loginsupport.framework/Versions/A/loginsupport
0x0000000016086000 	/System/Library/PrivateFrameworks/TCC.framework/Versions/A/TCC
0x0000000016086000 	/usr/lib/libmecabra.dylib
0x0000000016086000 	/System/Library/Frameworks/ApplicationServices.framework/Versions/A/Frameworks/ATS.framework/Versions/A/ATS
0x0000000016086000 	/System/Library/Frameworks/ApplicationServices.framework/Versions/A/Frameworks/ColorSync.framework/Versions/A/ColorSync
0x0000000016086000 	/System/Library/Frameworks/ApplicationServices.framework/Versions/A/Frameworks/HIServices.framework/Versions/A/HIServices
0x0000000016086000 	/System/Library/Frameworks/ApplicationServices.framework/Versions/A/Frameworks/LangAnalysis.framework/Versions/A/LangAnalysis
0x0000000016086000 	/System/Library/Frameworks/ApplicationServices.framework/Versions/A/Frameworks/PrintCore.framework/Versions/A/PrintCore
0x0000000016086000 	/System/Library/Frameworks/ApplicationServices.framework/Versions/A/Frameworks/QD.framework/Versions/A/QD
0x0000000016086000 	/System/Library/Frameworks/ApplicationServices.framework/Versions/A/Frameworks/SpeechSynthesis.framework/Versions/A/SpeechSynthesis
0x0000000016086000 	/System/Library/Frameworks/Accelerate.framework/Versions/A/Frameworks/vImage.framework/Versions/A/vImage
0x0000000016086000 	/System/Library/Frameworks/Accelerate.framework/Versions/A/Frameworks/vecLib.framework/Versions/A/vecLib
0x0000000016086000 	/System/Library/Frameworks/Accelerate.framework/Versions/A/Frameworks/vecLib.framework/Versions/A/libvDSP.dylib
0x0000000016086000 	/System/Library/Frameworks/Accelerate.framework/Versions/A/Frameworks/vecLib.framework/Versions/A/libBNNS.dylib
0x0000000016086000 	/System/Library/Frameworks/Accelerate.framework/Versions/A/Frameworks/vecLib.framework/Versions/A/libQuadrature.dylib
0x0000000016086000 	/System/Library/Frameworks/Accelerate.framework/Versions/A/Frameworks/vecLib.framework/Versions/A/libvMisc.dylib
0x0000000016086000 	/System/Library/Frameworks/Accelerate.framework/Versions/A/Frameworks/vecLib.framework/Versions/A/libLAPACK.dylib
0x0000000016086000 	/System/Library/Frameworks/Accelerate.framework/Versions/A/Frameworks/vecLib.framework/Versions/A/libBLAS.dylib
0x0000000016086000 	/System/Library/Frameworks/Accelerate.framework/Versions/A/Frameworks/vecLib.framework/Versions/A/libLinearAlgebra.dylib
0x0000000016086000 	/System/Library/Frameworks/Accelerate.framework/Versions/A/Frameworks/vecLib.framework/Versions/A/libSparseBLAS.dylib
0x0000000016086000 	/System/Library/Frameworks/ApplicationServices.framework/Versions/A/Frameworks/ATS.framework/Versions/A/Resources/libFontParser.dylib
0x0000000016086000 	/System/Library/Frameworks/ApplicationServices.framework/Versions/A/Frameworks/ATS.framework/Versions/A/Resources/libFontRegistry.dylib
0x0000000016086000 	/System/Library/Frameworks/ImageIO.framework/Versions/A/Resources/libJPEG.dylib
0x0000000016086000 	/System/Library/Frameworks/ImageIO.framework/Versions/A/Resources/libTIFF.dylib
0x0000000016086000 	/System/Library/Frameworks/ImageIO.framework/Versions/A/Resources/libPng.dylib
0x0000000016086000 	/System/Library/Frameworks/ImageIO.framework/Versions/A/Resources/libGIF.dylib
0x0000000016086000 	/System/Library/Frameworks/ImageIO.framework/Versions/A/Resources/libJP2.dylib
0x0000000016086000 	/System/Library/Frameworks/ImageIO.framework/Versions/A/Resources/libRadiance.dylib
0x0000000016086000 	/usr/lib/libcompression.dylib
0x0000000016086000 	/System/Library/PrivateFrameworks/AppleJPEG.framework/Versions/A/AppleJPEG
0x0000000016086000 	/usr/lib/libcups.2.dylib
0x0000000016086000 	/System/Library/Frameworks/Kerberos.framework/Versions/A/Kerberos
0x0000000016086000 	/System/Library/Frameworks/GSS.framework/Versions/A/GSS
0x0000000016086000 	/usr/lib/libresolv.9.dylib
0x0000000016086000 	/usr/lib/libiconv.2.dylib
0x0000000016086000 	/System/Library/PrivateFrameworks/Heimdal.framework/Versions/A/Heimdal
0x0000000016086000 	/usr/lib/libheimdal-asn1.dylib
0x0000000016086000 	/System/Library/Frameworks/OpenDirectory.framework/Versions/A/OpenDirectory
0x0000000016086000 	/System/Library/PrivateFrameworks/CommonAuth.framework/Versions/A/CommonAuth
0x0000000016086000 	/System/Library/Frameworks/OpenDirectory.framework/Versions/A/Frameworks/CFOpenDirectory.framework/Versions/A/CFOpenDirectory
0x0000000016086000 	/System/Library/Frameworks/SecurityFoundation.framework/Versions/A/SecurityFoundation
0x0000000016086000 	/System/Library/PrivateFrameworks/LanguageModeling.framework/Versions/A/LanguageModeling
0x0000000016086000 	/usr/lib/libmarisa.dylib
0x0000000016086000 	/usr/lib/libChineseTokenizer.dylib
0x0000000016086000 	/usr/lib/libcmph.dylib
0x0000000016086000 	/System/Library/PrivateFrameworks/CoreEmoji.framework/Versions/A/CoreEmoji
0x0000000016086000 	/System/Library/Frameworks/ServiceManagement.framework/Versions/A/ServiceManagement
0x0000000016086000 	/usr/lib/libxslt.1.dylib
0x0000000016086000 	/System/Library/Frameworks/Carbon.framework/Versions/A/Frameworks/Ink.framework/Versions/A/Ink
0x0000000016086000 	/System/Library/PrivateFrameworks/TextureIO.framework/Versions/A/TextureIO
0x0000000016086000 	/System/Library/Frameworks/Metal.framework/Versions/A/Metal
0x0000000016086000 	/usr/lib/libate.dylib
0x0000000016086000 	/System/Library/PrivateFrameworks/GPUCompiler.framework/libmetal_timestamp.dylib
0x0000000016086000 	/System/Library/Frameworks/OpenGL.framework/Versions/A/Libraries/libCoreFSCache.dylib
0x0000000016086000 	/System/Library/PrivateFrameworks/IOAccelerator.framework/Versions/A/IOAccelerator
0x0000000016086000 	/System/Library/Frameworks/CoreVideo.framework/Versions/A/CoreVideo
0x0000000016086000 	/usr/lib/libFosl_dynamic.dylib
0x0000000016086000 	/System/Library/PrivateFrameworks/MetalPerformanceShaders.framework/Versions/A/MetalPerformanceShaders
0x0000000016086000 	/System/Library/PrivateFrameworks/FaceCore.framework/Versions/A/FaceCore
0x0000000016086000 	/System/Library/Frameworks/OpenCL.framework/Versions/A/OpenCL
0x0000000016086000 	/System/Library/Frameworks/OpenGL.framework/Versions/A/Libraries/libGLU.dylib
0x0000000016086000 	/System/Library/Frameworks/OpenGL.framework/Versions/A/Libraries/libGFXShared.dylib
0x0000000016086000 	/System/Library/Frameworks/OpenGL.framework/Versions/A/Libraries/libGL.dylib
0x0000000016086000 	/System/Library/Frameworks/OpenGL.framework/Versions/A/Libraries/libGLImage.dylib
0x0000000016086000 	/System/Library/Frameworks/OpenGL.framework/Versions/A/Libraries/libCVMSPluginSupport.dylib
0x0000000016086000 	/System/Library/Frameworks/OpenGL.framework/Versions/A/Libraries/libCoreVMClient.dylib
0x0000000016086000 	/System/Library/PrivateFrameworks/CrashReporterSupport.framework/Versions/A/CrashReporterSupport
0x0000000016086000 	/System/Library/PrivateFrameworks/Sharing.framework/Versions/A/Sharing
0x0000000016086000 	/System/Library/PrivateFrameworks/IconServices.framework/Versions/A/IconServices
0x0000000016086000 	/System/Library/PrivateFrameworks/ProtocolBuffer.framework/Versions/A/ProtocolBuffer
0x0000000016086000 	/System/Library/PrivateFrameworks/Apple80211.framework/Versions/A/Apple80211
0x0000000016086000 	/System/Library/Frameworks/CoreWLAN.framework/Versions/A/CoreWLAN
0x0000000016086000 	/System/Library/PrivateFrameworks/CoreUtils.framework/Versions/A/CoreUtils
0x0000000016086000 	/System/Library/Frameworks/IOBluetooth.framework/Versions/A/IOBluetooth
0x0000000016086000 	/System/Library/PrivateFrameworks/CoreWiFi.framework/Versions/A/CoreWiFi
0x0000000016086000 	/System/Library/Frameworks/CoreBluetooth.framework/Versions/A/CoreBluetooth
0x0000000016086000 	/System/Library/Frameworks/CoreDisplay.framework/Versions/A/CoreDisplay
0x0000000016086000 	/System/Library/PrivateFrameworks/IOPresentment.framework/Versions/A/IOPresentment
0x0000000016086000 	/System/Library/PrivateFrameworks/DSExternalDisplay.framework/Versions/A/DSExternalDisplay
0x0000000016086000 	/System/Library/PrivateFrameworks/DebugSymbols.framework/Versions/A/DebugSymbols
0x0000000016086000 	/System/Library/PrivateFrameworks/CoreSymbolication.framework/Versions/A/CoreSymbolication
0x0000000016086000 	/System/Library/PrivateFrameworks/Symbolication.framework/Versions/A/Symbolication
0x0000000016086000 	/System/Library/PrivateFrameworks/AppleFSCompression.framework/Versions/A/AppleFSCompression
0x0000000016086000 	/System/Library/PrivateFrameworks/SpeechRecognitionCore.framework/Versions/A/SpeechRecognitionCore
0x0000000016086000 	/System/Library/PrivateFrameworks/ChunkingLibrary.framework/Versions/A/ChunkingLibrary
0x0000000105400000 	/Library/Java/JavaVirtualMachines/jdk1.8.0_91.jdk/Contents/Home/jre/lib/server/libjvm.dylib
0x0000000016086000 	/usr/lib/libstdc++.6.dylib
0x000000010426a000 	/Library/Java/JavaVirtualMachines/jdk1.8.0_91.jdk/Contents/Home/jre/lib/libverify.dylib
0x0000000104278000 	/Library/Java/JavaVirtualMachines/jdk1.8.0_91.jdk/Contents/Home/jre/lib/libjava.dylib
0x00000001042ae000 	/Library/Java/JavaVirtualMachines/jdk1.8.0_91.jdk/Contents/Home/jre/lib/libjdwp.dylib
0x00000001042f9000 	/Library/Java/JavaVirtualMachines/jdk1.8.0_91.jdk/Contents/Home/jre/lib/libnpt.dylib
0x0000000104306000 	/Library/Java/JavaVirtualMachines/jdk1.8.0_91.jdk/Contents/Home/jre/lib/libzip.dylib
0x00000001043e3000 	/System/Library/Frameworks/JavaVM.framework/Frameworks/JavaRuntimeSupport.framework/JavaRuntimeSupport
0x0000000121402000 	/System/Library/Frameworks/JavaVM.framework/Versions/A/Frameworks/JavaNativeFoundation.framework/Versions/A/JavaNativeFoundation
0x0000000121417000 	/System/Library/Frameworks/JavaVM.framework/Versions/A/JavaVM
0x0000000016086000 	/System/Library/Frameworks/Carbon.framework/Versions/A/Carbon
0x0000000121424000 	/System/Library/PrivateFrameworks/JavaLaunching.framework/Versions/A/JavaLaunching
0x0000000016086000 	/System/Library/Frameworks/Carbon.framework/Versions/A/Frameworks/CommonPanels.framework/Versions/A/CommonPanels
0x0000000016086000 	/System/Library/Frameworks/Carbon.framework/Versions/A/Frameworks/Help.framework/Versions/A/Help
0x0000000016086000 	/System/Library/Frameworks/Carbon.framework/Versions/A/Frameworks/ImageCapture.framework/Versions/A/ImageCapture
0x0000000016086000 	/System/Library/Frameworks/Carbon.framework/Versions/A/Frameworks/OpenScripting.framework/Versions/A/OpenScripting
0x0000000016086000 	/System/Library/Frameworks/Carbon.framework/Versions/A/Frameworks/Print.framework/Versions/A/Print
0x0000000016086000 	/System/Library/Frameworks/Carbon.framework/Versions/A/Frameworks/SecurityHI.framework/Versions/A/SecurityHI
0x0000000122d36000 	/Library/Java/JavaVirtualMachines/jdk1.8.0_91.jdk/Contents/Home/jre/lib/libdt_socket.dylib
0x0000000122d3d000 	/Library/Java/JavaVirtualMachines/jdk1.8.0_91.jdk/Contents/Home/jre/lib/libmanagement.dylib
0x0000000122d4b000 	/Library/Java/JavaVirtualMachines/jdk1.8.0_91.jdk/Contents/Home/jre/lib/libnet.dylib
0x0000000122daa000 	/Library/Java/JavaVirtualMachines/jdk1.8.0_91.jdk/Contents/Home/jre/lib/libnio.dylib
0x00000001249f9000 	/Library/Java/JavaVirtualMachines/jdk1.8.0_91.jdk/Contents/Home/jre/lib/libsunec.dylib

VM Arguments:
jvm_args: -agentlib:jdwp=transport=dt_socket,suspend=y,address=localhost:63621 -Dcom.sun.management.jmxremote -Dcom.sun.management.jmxremote.port=63599 -Dcom.sun.management.jmxremote.authenticate=false -Dcom.sun.management.jmxremote.ssl=false -Djava.rmi.server.hostname=localhost -Dspring.liveBeansView.mbeanDomain -Dspring.application.admin.enabled=true -Djava.security.egd=file:/dev/./urandom -Xverify:none -XX:TieredStopAtLevel=1 -Dfile.encoding=UTF-8 
java_command: gov.nist.hit.hl7.igamt.bootstrap.app.BootstrapApplication --spring.output.ansi.enabled=always
java_class_path (initial): /Library/Java/JavaVirtualMachines/jdk1.8.0_91.jdk/Contents/Home/jre/lib/resources.jar:/Library/Java/JavaVirtualMachines/jdk1.8.0_91.jdk/Contents/Home/jre/lib/rt.jar:/Library/Java/JavaVirtualMachines/jdk1.8.0_91.jdk/Contents/Home/jre/lib/jsse.jar:/Library/Java/JavaVirtualMachines/jdk1.8.0_91.jdk/Contents/Home/jre/lib/jce.jar:/Library/Java/JavaVirtualMachines/jdk1.8.0_91.jdk/Contents/Home/jre/lib/charsets.jar:/Library/Java/JavaVirtualMachines/jdk1.8.0_91.jdk/Contents/Home/jre/lib/jfr.jar:/Library/Java/JavaVirtualMachines/jdk1.8.0_91.jdk/Contents/Home/jre/lib/ext/cldrdata.jar:/Library/Java/JavaVirtualMachines/jdk1.8.0_91.jdk/Contents/Home/jre/lib/ext/dnsns.jar:/Library/Java/JavaVirtualMachines/jdk1.8.0_91.jdk/Contents/Home/jre/lib/ext/jaccess.jar:/Library/Java/JavaVirtualMachines/jdk1.8.0_91.jdk/Contents/Home/jre/lib/ext/jfxrt.jar:/Library/Java/JavaVirtualMachines/jdk1.8.0_91.jdk/Contents/Home/jre/lib/ext/localedata.jar:/Library/Java/JavaVirtualMachines/jdk1.8.0_91.jdk/Contents/Home/jre/lib/ext/nashorn.jar:/Library/Java/JavaVirtualMachines/jdk1.8.0_91.jdk/Contents/Home/jre/lib/ext/sunec.jar:/Library/Java/JavaVirtualMachines/jdk1.8.0_91.jdk/Contents/Home/jre/lib/ext/sunjce_provider.jar:/Library/Java/JavaVirtualMachines/jdk1.8.0_91.jdk/Contents/Home/jre/lib/ext/sunpkcs11.jar:/Library/Java/JavaVirtualMachines/jdk1.8.0_91.jdk/Contents/Home/jre/lib/ext/zipfs.jar:/System/Library/Java/Extensions/MRJToolkit.jar:/Users/ena3/hl7-igamt/bootstrap/target/classes:/Users/ena3/.m2/repository/org/springframework/boot/spring-boot-starter-web/2.0.3.RELEASE/spring-boot-starter-web-2.0.3.RELEASE.jar:/Users/ena3/.m2/repository/org/springframework/boot/spring-boot-starter/2.0.3.RELEASE/spring-boot-starter-2.0.3.RELEASE.jar:/Users/ena3/.m2/repository/org/springframework/boot/spring-boot/2.0.3.RELEASE/spring-boot-2.0.3.RELEASE.jar:/Users/ena3/.m2/repository/org/springframework/boot/spring-boot-autoconfigure/2.0.3.RELEASE/spring-boot-autoconfigure-2.0.3.RELEASE.jar:
Launcher Type: SUN_STANDARD

Environment Variables:
PATH=/usr/bin:/bin:/usr/sbin:/sbin
SHELL=/bin/bash

Signal Handlers:
SIGSEGV: [libjvm.dylib+0x5a97a1], sa_mask[0]=11111111011111110111111111111111, sa_flags=SA_ONSTACK|SA_RESTART|SA_SIGINFO
SIGBUS: [libjvm.dylib+0x5a97a1], sa_mask[0]=11111111011111110111111111111111, sa_flags=SA_RESTART|SA_SIGINFO
SIGFPE: [libjvm.dylib+0x482594], sa_mask[0]=11111111011111110111111111111111, sa_flags=SA_RESTART|SA_SIGINFO
SIGPIPE: [libjvm.dylib+0x482594], sa_mask[0]=11111111011111110111111111111111, sa_flags=SA_RESTART|SA_SIGINFO
SIGXFSZ: [libjvm.dylib+0x482594], sa_mask[0]=11111111011111110111111111111111, sa_flags=SA_RESTART|SA_SIGINFO
SIGILL: [libjvm.dylib+0x482594], sa_mask[0]=11111111011111110111111111111111, sa_flags=SA_RESTART|SA_SIGINFO
SIGUSR1: SIG_DFL, sa_mask[0]=00000000000000000000000000000000, sa_flags=none
SIGUSR2: [libjvm.dylib+0x4820b2], sa_mask[0]=00100000000000000000000000000000, sa_flags=SA_RESTART|SA_SIGINFO
SIGHUP: [libjvm.dylib+0x480689], sa_mask[0]=11111111011111110111111111111111, sa_flags=SA_RESTART|SA_SIGINFO
SIGINT: [libjvm.dylib+0x480689], sa_mask[0]=11111111011111110111111111111111, sa_flags=SA_RESTART|SA_SIGINFO
SIGTERM: [libjvm.dylib+0x480689], sa_mask[0]=11111111011111110111111111111111, sa_flags=SA_RESTART|SA_SIGINFO
SIGQUIT: [libjvm.dylib+0x480689], sa_mask[0]=11111111011111110111111111111111, sa_flags=SA_RESTART|SA_SIGINFO


---------------  S Y S T E M  ---------------

OS:Bsduname:Darwin 16.7.0 Darwin Kernel Version 16.7.0: Thu Jun 21 20:07:39 PDT 2018; root:xnu-3789.73.14~1/RELEASE_X86_64 x86_64
rlimit: STACK 8192k, CORE 0k, NPROC 709, NOFILE 10240, AS infinity
load average:2.53 2.32 2.33

CPU:total 8 (4 cores per cpu, 2 threads per core) family 6 model 70 stepping 1, cmov, cx8, fxsr, mmx, sse, sse2, sse3, ssse3, sse4.1, sse4.2, popcnt, avx, avx2, aes, clmul, erms, lzcnt, ht, tsc, tscinvbit, bmi1, bmi2

Memory: 4k page, physical 16777216k(770844k free)

/proc/meminfo:


vm_info: Java HotSpot(TM) 64-Bit Server VM (25.91-b14) for bsd-amd64 JRE (1.8.0_91-b14), built on Apr  1 2016 01:03:00 by "java_re" with gcc 4.2.1 (Based on Apple Inc. build 5658) (LLVM build 2336.11.00)

time: Wed Jul 11 12:00:19 2018
elapsed time: 138 seconds (0d 0h 2m 18s)

