#
# A fatal error has been detected by the Java Runtime Environment:
#
#  SIGSEGV (0xb) at pc=0x000000010b248358, pid=61562, tid=19203
#
# JRE version: Java(TM) SE Runtime Environment (8.0_91-b14) (build 1.8.0_91-b14)
# Java VM: Java HotSpot(TM) 64-Bit Server VM (25.91-b14 mixed mode bsd-amd64 compressed oops)
# Problematic frame:
# V  [libjvm.dylib+0x448358]  Method::checked_resolve_jmethod_id(_jmethodID*)+0xe
#
# Failed to write core dump. Core dumps have been disabled. To enable core dumping, try "ulimit -c unlimited" before starting Java again
#
# If you would like to submit a bug report, please visit:
#   http://bugreport.java.com/bugreport/crash.jsp
#

---------------  T H R E A D  ---------------

Current thread (0x00007feb7081b800):  JavaThread "JDWP Transport Listener: dt_socket" daemon [_thread_in_vm, id=19203, stack(0x00007000066f4000,0x00007000067f4000)]

siginfo: si_signo: 11 (SIGSEGV), si_code: 0 (unknown), si_addr: 0x0000000000000000

Registers:
RAX=0x0000000000000001, RBX=0x00007000067f3a8b, RCX=0x000000010b618340, RDX=0x00007000067f3a8b
RSP=0x00007000067f39d0, RBP=0x00007000067f39e0, RSI=0x00007feb7081b800, RDI=0x100007feb71f7dd2
R8 =0x0000000000000000, R9 =0x00007feb71f99b10, R10=0x0000000000000001, R11=0x0000000000000001
R12=0x00007feb7081b800, R13=0x100007feb71f7dd2, R14=0x100007feb71f7dd2, R15=0x00007feb6fd0c4c0
RIP=0x000000010b248358, EFLAGS=0x0000000000010206, ERR=0x0000000000000000
  TRAPNO=0x000000000000000d

Top of Stack: (sp=0x00007000067f39d0)
0x00007000067f39d0:   00007000067f3a8b 00007000067f3a8b
0x00007000067f39e0:   00007000067f3a40 000000010b157316
0x00007000067f39f0:   00007feb7081b800 0000000000000000
0x00007000067f3a00:   0000000000000000 0000000000000000
0x00007000067f3a10:   00007feb7081b800 00007feb7081b800
0x00007000067f3a20:   00007000067f3a8b 00007000067f3a90
0x00007000067f3a30:   100007feb71f7dd2 0000000000000001
0x00007000067f3a40:   00007000067f3a60 0000000109dc4780
0x00007000067f3a50:   0000000000000001 00007000067f3b08
0x00007000067f3a60:   00007000067f3ad0 0000000109da91f3
0x00007000067f3a70:   00007000067f3aa0 00007feb71fa3be0
0x00007000067f3a80:   0000000200000032 00000001007f3b08
0x00007000067f3a90:   0000000000000000 0000000000000000
0x00007000067f3aa0:   0000000000000000 00007000067f3c90
0x00007000067f3ab0:   0000000109dcbe7a 00007feb6fc1d3c0
0x00007000067f3ac0:   00007000067f3b08 0000000109dd7598
0x00007000067f3ad0:   00007000067f3ae0 0000000109da92ec
0x00007000067f3ae0:   00007000067f3d00 0000000109db2898
0x00007000067f3af0:   0000c2ee00000013 00000000000f0200
0x00007000067f3b00:   00007feb71f8c110 00007000067f3b7d
0x00007000067f3b10:   00007feb00000107 00007000067f3b20
0x00007000067f3b20:   00007feb00000025 00007000067f3b58
0x00007000067f3b30:   0000000000000000 0000000000000000
0x00007000067f3b40:   0000c2ee0000001c 00007feb0000a480
0x00007000067f3b50:   00007000067f3b58 eb7f000002000000
0x00007000067f3b60:   06000000b85ae571 00003e74696e693c
0x00007000067f3b70:   0000005629280300 0600000100000000
0x00007000067f3b80:   0000000031000000 320000000b000000
0x00007000067f3b90:   1300000000000000 0000000033000000
0x00007000067f3ba0:   3400000018000000 2700000000000000
0x00007000067f3bb0:   0000000038000000 390000002f000000
0x00007000067f3bc0:   3a00000000000000 000000005a000000 

Instructions: (pc=0x000000010b248358)
0x000000010b248338:   40 48 48 85 c0 75 e0 30 c0 0f b6 c0 5d c3 31 c0
0x000000010b248348:   5d c3 55 48 89 e5 53 48 83 ec 08 48 85 ff 74 24
0x000000010b248358:   48 8b 1f 48 85 db 74 1c 48 83 fb 37 74 16 48 8b
0x000000010b248368:   03 48 89 df ff 50 10 84 c0 b8 00 00 00 00 48 0f 

Register to memory mapping:

RAX=0x0000000000000001 is an unknown value
RBX=0x00007000067f3a8b is pointing into the stack for thread: 0x00007feb7081b800
RCX=0x000000010b618340: UseMembar+0 in /Library/Java/JavaVirtualMachines/jdk1.8.0_91.jdk/Contents/Home/jre/lib/server/libjvm.dylib at 0x000000010ae00000
RDX=0x00007000067f3a8b is pointing into the stack for thread: 0x00007feb7081b800
RSP=0x00007000067f39d0 is pointing into the stack for thread: 0x00007feb7081b800
RBP=0x00007000067f39e0 is pointing into the stack for thread: 0x00007feb7081b800
RSI=0x00007feb7081b800 is a thread
RDI=0x100007feb71f7dd2 is an unknown value
R8 =0x0000000000000000 is an unknown value
R9 =0x00007feb71f99b10 is an unknown value
R10=0x0000000000000001 is an unknown value
R11=0x0000000000000001 is an unknown value
R12=0x00007feb7081b800 is a thread
R13=0x100007feb71f7dd2 is an unknown value
R14=0x100007feb71f7dd2 is an unknown value
R15=0x00007feb6fd0c4c0 is an unknown value


Stack: [0x00007000066f4000,0x00007000067f4000],  sp=0x00007000067f39d0,  free space=1022k
Native frames: (J=compiled Java code, j=interpreted, Vv=VM code, C=native code)
V  [libjvm.dylib+0x448358]  Method::checked_resolve_jmethod_id(_jmethodID*)+0xe
V  [libjvm.dylib+0x357316]  jvmti_IsMethodSynthetic+0xb2
C  [libjdwp.dylib+0x20780]  isMethodSynthetic+0x63
C  [libjdwp.dylib+0x51f3]  methods1+0x10b
C  [libjdwp.dylib+0x52ec]  methodsWithGeneric+0xe
C  [libjdwp.dylib+0xe898]  debugLoop_run+0x1ce
C  [libjdwp.dylib+0x1f6ba]  attachThread+0x4d
V  [libjvm.dylib+0x39867c]  JvmtiAgentThread::call_start_function()+0x38
V  [libjvm.dylib+0x563d17]  JavaThread::thread_main_inner()+0x9b
V  [libjvm.dylib+0x565412]  JavaThread::run()+0x1c2
V  [libjvm.dylib+0x484f82]  java_start(Thread*)+0xf6
C  [libsystem_pthread.dylib+0x393b]  _pthread_body+0xb4
C  [libsystem_pthread.dylib+0x3887]  _pthread_body+0x0
C  [libsystem_pthread.dylib+0x308d]  thread_start+0xd
C  0x0000000000000000


---------------  P R O C E S S  ---------------

Java Threads: ( => current thread )
  0x00007feb7341c000 JavaThread "DestroyJavaVM" [_thread_blocked, id=7171, stack(0x00007000059cd000,0x0000700005acd000)]
  0x00007feb7403a000 JavaThread "http-nio-8080-AsyncTimeout" daemon [_thread_blocked, id=35587, stack(0x0000700008754000,0x0000700008854000)]
  0x00007feb7284f000 JavaThread "http-nio-8080-Acceptor-0" daemon [_thread_in_native, id=35075, stack(0x0000700008651000,0x0000700008751000)]
  0x00007feb721d4000 JavaThread "http-nio-8080-ClientPoller-1" daemon [_thread_in_native, id=34563, stack(0x000070000854e000,0x000070000864e000)]
  0x00007feb721d3000 JavaThread "http-nio-8080-ClientPoller-0" daemon [_thread_in_native, id=34051, stack(0x000070000844b000,0x000070000854b000)]
  0x00007feb74039000 JavaThread "http-nio-8080-exec-10" daemon [_thread_blocked, id=33539, stack(0x0000700008348000,0x0000700008448000)]
  0x00007feb721d2800 JavaThread "http-nio-8080-exec-9" daemon [_thread_blocked, id=33027, stack(0x0000700008245000,0x0000700008345000)]
  0x00007feb71031800 JavaThread "http-nio-8080-exec-8" daemon [_thread_blocked, id=32515, stack(0x0000700008142000,0x0000700008242000)]
  0x00007feb71031000 JavaThread "http-nio-8080-exec-7" daemon [_thread_blocked, id=32003, stack(0x000070000803f000,0x000070000813f000)]
  0x00007feb73426800 JavaThread "http-nio-8080-exec-6" daemon [_thread_blocked, id=31491, stack(0x0000700007f3c000,0x000070000803c000)]
  0x00007feb7102f000 JavaThread "http-nio-8080-exec-5" daemon [_thread_blocked, id=30979, stack(0x0000700007e39000,0x0000700007f39000)]
  0x00007feb70527800 JavaThread "http-nio-8080-exec-4" daemon [_thread_blocked, id=30467, stack(0x0000700007d36000,0x0000700007e36000)]
  0x00007feb7380d800 JavaThread "http-nio-8080-exec-3" daemon [_thread_blocked, id=29955, stack(0x0000700007c33000,0x0000700007d33000)]
  0x00007feb70526800 JavaThread "http-nio-8080-exec-2" daemon [_thread_blocked, id=29443, stack(0x0000700007b30000,0x0000700007c30000)]
  0x00007feb7050b000 JavaThread "http-nio-8080-exec-1" daemon [_thread_blocked, id=28931, stack(0x0000700007a2d000,0x0000700007b2d000)]
  0x00007feb704f7800 JavaThread "NioBlockingSelector.BlockPoller-1" daemon [_thread_in_native, id=28419, stack(0x000070000792a000,0x0000700007a2a000)]
  0x00007feb704b4000 JavaThread "pool-2-thread-1" daemon [_thread_blocked, id=27907, stack(0x0000700007827000,0x0000700007927000)]
  0x00007feb721a9800 JavaThread "cluster-ClusterId{value='5acf8f66e2813ff07a74cae7', description='null'}-127.0.0.1:27017" daemon [_thread_blocked, id=27395, stack(0x0000700007724000,0x0000700007824000)]
  0x00007feb733e1800 JavaThread "container-0" [_thread_blocked, id=26883, stack(0x0000700007621000,0x0000700007721000)]
  0x00007feb70bec800 JavaThread "ContainerBackgroundProcessor[StandardEngine[Tomcat]]" daemon [_thread_blocked, id=26371, stack(0x000070000751e000,0x000070000761e000)]
  0x00007feb720bb800 JavaThread "RMI TCP Accept-0" daemon [_thread_in_native, id=24323, stack(0x0000700007112000,0x0000700007212000)]
  0x00007feb720b7000 JavaThread "RMI TCP Accept-51886" daemon [_thread_in_native, id=23811, stack(0x000070000700f000,0x000070000710f000)]
  0x00007feb701d2000 JavaThread "RMI TCP Accept-0" daemon [_thread_in_native, id=23299, stack(0x0000700006f0c000,0x000070000700c000)]
  0x00007feb7081a800 JavaThread "Service Thread" daemon [_thread_blocked, id=22787, stack(0x0000700006e09000,0x0000700006f09000)]
  0x00007feb7002e800 JavaThread "C1 CompilerThread3" daemon [_thread_blocked, id=22275, stack(0x0000700006d06000,0x0000700006e06000)]
  0x00007feb7002e000 JavaThread "C2 CompilerThread2" daemon [_thread_blocked, id=21763, stack(0x0000700006c03000,0x0000700006d03000)]
  0x00007feb7002d000 JavaThread "C2 CompilerThread1" daemon [_thread_blocked, id=21251, stack(0x0000700006b00000,0x0000700006c00000)]
  0x00007feb7081c000 JavaThread "C2 CompilerThread0" daemon [_thread_blocked, id=20739, stack(0x00007000069fd000,0x0000700006afd000)]
  0x00007feb71001800 JavaThread "JDWP Command Reader" daemon [_thread_in_native, id=20227, stack(0x00007000068fa000,0x00007000069fa000)]
  0x00007feb72051000 JavaThread "JDWP Event Helper Thread" daemon [_thread_blocked, id=19715, stack(0x00007000067f7000,0x00007000068f7000)]
=>0x00007feb7081b800 JavaThread "JDWP Transport Listener: dt_socket" daemon [_thread_in_vm, id=19203, stack(0x00007000066f4000,0x00007000067f4000)]
  0x00007feb7204f000 JavaThread "Signal Dispatcher" daemon [_thread_blocked, id=18691, stack(0x00007000065f1000,0x00007000066f1000)]
  0x00007feb72022800 JavaThread "Finalizer" daemon [_thread_blocked, id=14595, stack(0x00007000064ee000,0x00007000065ee000)]
  0x00007feb7201f800 JavaThread "Reference Handler" daemon [_thread_blocked, id=14083, stack(0x00007000063eb000,0x00007000064eb000)]

Other Threads:
  0x00007feb7002a000 VMThread [stack: 0x00007000062e8000,0x00007000063e8000] [id=13571]
  0x00007feb7093c800 WatcherThread [stack: 0x0000700007215000,0x0000700007315000] [id=24835]

VM state:not at safepoint (normal execution)

VM Mutex/Monitor currently owned by a thread: None

Heap:
 PSYoungGen      total 302592K, used 13810K [0x000000076ab00000, 0x0000000783100000, 0x00000007c0000000)
  eden space 283648K, 4% used [0x000000076ab00000,0x000000076b87cb70,0x000000077c000000)
  from space 18944K, 0% used [0x000000077d180000,0x000000077d180000,0x000000077e400000)
  to   space 17920K, 0% used [0x000000077c000000,0x000000077c000000,0x000000077d180000)
 ParOldGen       total 171520K, used 21250K [0x00000006c0000000, 0x00000006ca780000, 0x000000076ab00000)
  object space 171520K, 12% used [0x00000006c0000000,0x00000006c14c0b80,0x00000006ca780000)
 Metaspace       used 35524K, capacity 35908K, committed 36312K, reserved 1081344K
  class space    used 4654K, capacity 4758K, committed 4864K, reserved 1048576K

Card table byte_map: [0x000000010c15d000,0x000000010c95e000] byte_map_base: 0x0000000108b5d000

Marking Bits: (ParMarkBitMap*) 0x000000010b6e6eb0
 Begin Bits: [0x000000011e5d8000, 0x00000001225d8000)
 End Bits:   [0x00000001225d8000, 0x00000001265d8000)

Polling page: 0x0000000109da3000

CodeCache: size=245760Kb used=7789Kb max_used=7830Kb free=237970Kb
 bounds [0x000000010f5d8000, 0x000000010fd88000, 0x000000011e5d8000]
 total_blobs=3940 nmethods=3528 adapters=332
 compilation: enabled

Compilation events (10 events):
Event: 192.296 Thread 0x00007feb7002e800 3562       1       org.bson.BsonBinaryReader::readBsonType (349 bytes)
Event: 192.298 Thread 0x00007feb7002e800 nmethod 3562 0x000000010fd7b690 code [0x000000010fd7ba80, 0x000000010fd7d058]
Event: 192.299 Thread 0x00007feb7002e800 3563       1       org.bson.AbstractBsonReader::setCurrentBsonType (6 bytes)
Event: 192.299 Thread 0x00007feb7002e800 nmethod 3563 0x000000010f72e790 code [0x000000010f72e8e0, 0x000000010f72ea10]
Event: 192.299 Thread 0x00007feb7002e800 3564       1       java.util.Collections$UnmodifiableCollection::size (10 bytes)
Event: 192.299 Thread 0x00007feb7002e800 nmethod 3564 0x000000010f72e450 code [0x000000010f72e5c0, 0x000000010f72e708]
Event: 194.536 Thread 0x00007feb7002e800 3565       1       org.apache.tomcat.util.net.NioEndpoint::access$300 (5 bytes)
Event: 194.536 Thread 0x00007feb7002e800 nmethod 3565 0x000000010f7438d0 code [0x000000010f743a20, 0x000000010f743b10]
Event: 212.305 Thread 0x00007feb7002e800 3566       1       java.nio.Buffer::checkBounds (25 bytes)
Event: 212.305 Thread 0x00007feb7002e800 nmethod 3566 0x000000010f81a510 code [0x000000010f81a680, 0x000000010f81a848]

GC Heap History (10 events):
Event: 1.292 GC heap before
{Heap before GC invocations=4 (full 1):
 PSYoungGen      total 141824K, used 9620K [0x000000076ab00000, 0x000000077c000000, 0x00000007c0000000)
  eden space 131072K, 0% used [0x000000076ab00000,0x000000076ab00000,0x0000000772b00000)
  from space 10752K, 89% used [0x0000000772b00000,0x00000007734650c0,0x0000000773580000)
  to   space 10752K, 0% used [0x000000077b580000,0x000000077b580000,0x000000077c000000)
 ParOldGen       total 175104K, used 104K [0x00000006c0000000, 0x00000006cab00000, 0x000000076ab00000)
  object space 175104K, 0% used [0x00000006c0000000,0x00000006c001a010,0x00000006cab00000)
 Metaspace       used 20807K, capacity 21062K, committed 21248K, reserved 1067008K
  class space    used 2617K, capacity 2710K, committed 2816K, reserved 1048576K
Event: 1.320 GC heap after
Heap after GC invocations=4 (full 1):
 PSYoungGen      total 141824K, used 0K [0x000000076ab00000, 0x000000077c000000, 0x00000007c0000000)
  eden space 131072K, 0% used [0x000000076ab00000,0x000000076ab00000,0x0000000772b00000)
  from space 10752K, 0% used [0x0000000772b00000,0x0000000772b00000,0x0000000773580000)
  to   space 10752K, 0% used [0x000000077b580000,0x000000077b580000,0x000000077c000000)
 ParOldGen       total 108032K, used 9300K [0x00000006c0000000, 0x00000006c6980000, 0x000000076ab00000)
  object space 108032K, 8% used [0x00000006c0000000,0x00000006c09150f8,0x00000006c6980000)
 Metaspace       used 20807K, capacity 21062K, committed 21248K, reserved 1067008K
  class space    used 2617K, capacity 2710K, committed 2816K, reserved 1048576K
}
Event: 1.968 GC heap before
{Heap before GC invocations=5 (full 1):
 PSYoungGen      total 141824K, used 131072K [0x000000076ab00000, 0x000000077c000000, 0x00000007c0000000)
  eden space 131072K, 100% used [0x000000076ab00000,0x0000000772b00000,0x0000000772b00000)
  from space 10752K, 0% used [0x0000000772b00000,0x0000000772b00000,0x0000000773580000)
  to   space 10752K, 0% used [0x000000077b580000,0x000000077b580000,0x000000077c000000)
 ParOldGen       total 108032K, used 9300K [0x00000006c0000000, 0x00000006c6980000, 0x000000076ab00000)
  object space 108032K, 8% used [0x00000006c0000000,0x00000006c09150f8,0x00000006c6980000)
 Metaspace       used 25556K, capacity 25864K, committed 26240K, reserved 1073152K
  class space    used 3266K, capacity 3361K, committed 3456K, reserved 1048576K
Event: 1.977 GC heap after
Heap after GC invocations=5 (full 1):
 PSYoungGen      total 204800K, used 10731K [0x000000076ab00000, 0x000000077c000000, 0x00000007c0000000)
  eden space 194048K, 0% used [0x000000076ab00000,0x000000076ab00000,0x0000000776880000)
  from space 10752K, 99% used [0x000000077b580000,0x000000077bffada8,0x000000077c000000)
  to   space 10752K, 0% used [0x000000077ab00000,0x000000077ab00000,0x000000077b580000)
 ParOldGen       total 108032K, used 10170K [0x00000006c0000000, 0x00000006c6980000, 0x000000076ab00000)
  object space 108032K, 9% used [0x00000006c0000000,0x00000006c09ee9c8,0x00000006c6980000)
 Metaspace       used 25556K, capacity 25864K, committed 26240K, reserved 1073152K
  class space    used 3266K, capacity 3361K, committed 3456K, reserved 1048576K
}
Event: 3.082 GC heap before
{Heap before GC invocations=6 (full 1):
 PSYoungGen      total 204800K, used 204779K [0x000000076ab00000, 0x000000077c000000, 0x00000007c0000000)
  eden space 194048K, 100% used [0x000000076ab00000,0x0000000776880000,0x0000000776880000)
  from space 10752K, 99% used [0x000000077b580000,0x000000077bffada8,0x000000077c000000)
  to   space 10752K, 0% used [0x000000077ab00000,0x000000077ab00000,0x000000077b580000)
 ParOldGen       total 108032K, used 10170K [0x00000006c0000000, 0x00000006c6980000, 0x000000076ab00000)
  object space 108032K, 9% used [0x00000006c0000000,0x00000006c09ee9c8,0x00000006c6980000)
 Metaspace       used 32700K, capacity 33088K, committed 33408K, reserved 1079296K
  class space    used 4289K, capacity 4372K, committed 4480K, reserved 1048576K
Event: 3.096 GC heap after
Heap after GC invocations=6 (full 1):
 PSYoungGen      total 272896K, used 10721K [0x000000076ab00000, 0x000000077e400000, 0x00000007c0000000)
  eden space 262144K, 0% used [0x000000076ab00000,0x000000076ab00000,0x000000077ab00000)
  from space 10752K, 99% used [0x000000077ab00000,0x000000077b578798,0x000000077b580000)
  to   space 18944K, 0% used [0x000000077d180000,0x000000077d180000,0x000000077e400000)
 ParOldGen       total 108032K, used 20886K [0x00000006c0000000, 0x00000006c6980000, 0x000000076ab00000)
  object space 108032K, 19% used [0x00000006c0000000,0x00000006c1465a40,0x00000006c6980000)
 Metaspace       used 32700K, capacity 33088K, committed 33408K, reserved 1079296K
  class space    used 4289K, capacity 4372K, committed 4480K, reserved 1048576K
}
Event: 140.511 GC heap before
{Heap before GC invocations=7 (full 1):
 PSYoungGen      total 272896K, used 73982K [0x000000076ab00000, 0x000000077e400000, 0x00000007c0000000)
  eden space 262144K, 24% used [0x000000076ab00000,0x000000076e8c7080,0x000000077ab00000)
  from space 10752K, 99% used [0x000000077ab00000,0x000000077b578798,0x000000077b580000)
  to   space 18944K, 0% used [0x000000077d180000,0x000000077d180000,0x000000077e400000)
 ParOldGen       total 108032K, used 20886K [0x00000006c0000000, 0x00000006c6980000, 0x000000076ab00000)
  object space 108032K, 19% used [0x00000006c0000000,0x00000006c1465a40,0x00000006c6980000)
 Metaspace       used 34897K, capacity 35236K, committed 35416K, reserved 1079296K
  class space    used 4574K, capacity 4662K, committed 4736K, reserved 1048576K
Event: 140.521 GC heap after
Heap after GC invocations=7 (full 1):
 PSYoungGen      total 302592K, used 11788K [0x000000076ab00000, 0x0000000783100000, 0x00000007c0000000)
  eden space 283648K, 0% used [0x000000076ab00000,0x000000076ab00000,0x000000077c000000)
  from space 18944K, 62% used [0x000000077d180000,0x000000077dd032b0,0x000000077e400000)
  to   space 17920K, 0% used [0x000000077c000000,0x000000077c000000,0x000000077d180000)
 ParOldGen       total 108032K, used 20894K [0x00000006c0000000, 0x00000006c6980000, 0x000000076ab00000)
  object space 108032K, 19% used [0x00000006c0000000,0x00000006c1467a40,0x00000006c6980000)
 Metaspace       used 34897K, capacity 35236K, committed 35416K, reserved 1079296K
  class space    used 4574K, capacity 4662K, committed 4736K, reserved 1048576K
}
Event: 140.521 GC heap before
{Heap before GC invocations=8 (full 2):
 PSYoungGen      total 302592K, used 11788K [0x000000076ab00000, 0x0000000783100000, 0x00000007c0000000)
  eden space 283648K, 0% used [0x000000076ab00000,0x000000076ab00000,0x000000077c000000)
  from space 18944K, 62% used [0x000000077d180000,0x000000077dd032b0,0x000000077e400000)
  to   space 17920K, 0% used [0x000000077c000000,0x000000077c000000,0x000000077d180000)
 ParOldGen       total 108032K, used 20894K [0x00000006c0000000, 0x00000006c6980000, 0x000000076ab00000)
  object space 108032K, 19% used [0x00000006c0000000,0x00000006c1467a40,0x00000006c6980000)
 Metaspace       used 34897K, capacity 35236K, committed 35416K, reserved 1079296K
  class space    used 4574K, capacity 4662K, committed 4736K, reserved 1048576K
Event: 140.561 GC heap after
Heap after GC invocations=8 (full 2):
 PSYoungGen      total 302592K, used 0K [0x000000076ab00000, 0x0000000783100000, 0x00000007c0000000)
  eden space 283648K, 0% used [0x000000076ab00000,0x000000076ab00000,0x000000077c000000)
  from space 18944K, 0% used [0x000000077d180000,0x000000077d180000,0x000000077e400000)
  to   space 17920K, 0% used [0x000000077c000000,0x000000077c000000,0x000000077d180000)
 ParOldGen       total 171520K, used 21250K [0x00000006c0000000, 0x00000006ca780000, 0x000000076ab00000)
  object space 171520K, 12% used [0x00000006c0000000,0x00000006c14c0b80,0x00000006ca780000)
 Metaspace       used 34897K, capacity 35236K, committed 35416K, reserved 1079296K
  class space    used 4574K, capacity 4662K, committed 4736K, reserved 1048576K
}

Deoptimization events (0 events):
No events

Internal exceptions (10 events):
Event: 14.094 Thread 0x00007feb7050b000 Exception <a 'java/lang/ClassNotFoundException': java/lang/ObjectCustomizer> (0x000000076e199970) thrown at [/Users/java_re/workspace/8-2-build-macosx-x86_64/jdk8u91/6644/hotspot/src/share/vm/classfile/systemDictionary.cpp, line 210]
Event: 14.095 Thread 0x00007feb7050b000 Exception <a 'java/lang/ClassNotFoundException': org/springframework/web/servlet/support/AbstractFlashMapManagerCustomizer> (0x000000076e1ba868) thrown at [/Users/java_re/workspace/8-2-build-macosx-x86_64/jdk8u91/6644/hotspot/src/share/vm/classfile/system
Event: 14.096 Thread 0x00007feb7050b000 Exception <a 'java/lang/ClassNotFoundException': org/springframework/web/servlet/support/SessionFlashMapManagerCustomizer> (0x000000076e1df598) thrown at [/Users/java_re/workspace/8-2-build-macosx-x86_64/jdk8u91/6644/hotspot/src/share/vm/classfile/systemD
Event: 14.096 Thread 0x00007feb7050b000 Exception <a 'java/lang/ClassNotFoundException': org/springframework/web/servlet/FlashMapManagerCustomizer> (0x000000076e1fbc00) thrown at [/Users/java_re/workspace/8-2-build-macosx-x86_64/jdk8u91/6644/hotspot/src/share/vm/classfile/systemDictionary.cpp, 
Event: 140.577 Thread 0x00007feb7050b000 Exception <a 'java/lang/ArrayIndexOutOfBoundsException'> (0x000000076abfcb20) thrown at [/Users/java_re/workspace/8-2-build-macosx-x86_64/jdk8u91/6644/hotspot/src/share/vm/runtime/sharedRuntime.cpp, line 605]
Event: 140.577 Thread 0x00007feb7050b000 Exception <a 'java/lang/ArrayIndexOutOfBoundsException'> (0x000000076abfe9a8) thrown at [/Users/java_re/workspace/8-2-build-macosx-x86_64/jdk8u91/6644/hotspot/src/share/vm/runtime/sharedRuntime.cpp, line 605]
Event: 140.577 Thread 0x00007feb7050b000 Exception <a 'java/lang/ArrayIndexOutOfBoundsException'> (0x000000076ac06900) thrown at [/Users/java_re/workspace/8-2-build-macosx-x86_64/jdk8u91/6644/hotspot/src/share/vm/runtime/sharedRuntime.cpp, line 605]
Event: 140.577 Thread 0x00007feb7050b000 Exception <a 'java/lang/ArrayIndexOutOfBoundsException'> (0x000000076ac08650) thrown at [/Users/java_re/workspace/8-2-build-macosx-x86_64/jdk8u91/6644/hotspot/src/share/vm/runtime/sharedRuntime.cpp, line 605]
Event: 140.578 Thread 0x00007feb7050b000 Exception <a 'java/lang/ArrayIndexOutOfBoundsException'> (0x000000076ac0fe50) thrown at [/Users/java_re/workspace/8-2-build-macosx-x86_64/jdk8u91/6644/hotspot/src/share/vm/runtime/sharedRuntime.cpp, line 605]
Event: 140.600 Thread 0x00007feb7050b000 Exception <a 'java/lang/ArrayIndexOutOfBoundsException'> (0x000000076ae3bc00) thrown at [/Users/java_re/workspace/8-2-build-macosx-x86_64/jdk8u91/6644/hotspot/src/share/vm/runtime/sharedRuntime.cpp, line 605]

Events (10 events):
Event: 192.299 Thread 0x00007feb7002e800 flushing nmethod 0x000000010f72d010
Event: 192.299 Thread 0x00007feb7002e800 flushing nmethod 0x000000010f7438d0
Event: 192.299 Thread 0x00007feb7002e800 flushing nmethod 0x000000010f752850
Event: 192.299 Thread 0x00007feb7002e800 flushing nmethod 0x000000010f765610
Event: 192.299 Thread 0x00007feb7002e800 flushing nmethod 0x000000010f78eb90
Event: 192.299 Thread 0x00007feb7002e800 flushing nmethod 0x000000010f7d6510
Event: 192.299 Thread 0x00007feb7002e800 flushing nmethod 0x000000010f7ec890
Event: 194.536 Thread 0x00007feb7002e800 flushing nmethod 0x000000010f81a250
Event: 221.524 Executing VM operation: RedefineClasses
Event: 221.541 Executing VM operation: RedefineClasses done


Dynamic libraries:
0x000000004c51b000 	/System/Library/Frameworks/Cocoa.framework/Versions/A/Cocoa
0x000000004c51b000 	/System/Library/Frameworks/Security.framework/Versions/A/Security
0x000000004c51b000 	/System/Library/Frameworks/ApplicationServices.framework/Versions/A/ApplicationServices
0x000000004c51b000 	/usr/lib/libz.1.dylib
0x000000004c51b000 	/usr/lib/libSystem.B.dylib
0x000000004c51b000 	/usr/lib/libobjc.A.dylib
0x000000004c51b000 	/System/Library/Frameworks/CoreFoundation.framework/Versions/A/CoreFoundation
0x000000004c51b000 	/System/Library/Frameworks/Foundation.framework/Versions/C/Foundation
0x000000004c51b000 	/System/Library/Frameworks/AppKit.framework/Versions/C/AppKit
0x000000004c51b000 	/System/Library/Frameworks/CoreData.framework/Versions/A/CoreData
0x000000004c51b000 	/System/Library/PrivateFrameworks/RemoteViewServices.framework/Versions/A/RemoteViewServices
0x000000004c51b000 	/System/Library/PrivateFrameworks/UIFoundation.framework/Versions/A/UIFoundation
0x000000004c51b000 	/System/Library/PrivateFrameworks/DFRFoundation.framework/Versions/A/DFRFoundation
0x000000004c51b000 	/usr/lib/libenergytrace.dylib
0x000000004c51b000 	/System/Library/PrivateFrameworks/SkyLight.framework/Versions/A/SkyLight
0x000000004c51b000 	/System/Library/Frameworks/CoreGraphics.framework/Versions/A/CoreGraphics
0x000000004c51b000 	/usr/lib/libScreenReader.dylib
0x000000004c51b000 	/System/Library/Frameworks/Accelerate.framework/Versions/A/Accelerate
0x000000004c51b000 	/System/Library/Frameworks/IOSurface.framework/Versions/A/IOSurface
0x000000004c51b000 	/System/Library/Frameworks/AudioToolbox.framework/Versions/A/AudioToolbox
0x000000004c51b000 	/System/Library/Frameworks/AudioUnit.framework/Versions/A/AudioUnit
0x000000004c51b000 	/System/Library/PrivateFrameworks/DataDetectorsCore.framework/Versions/A/DataDetectorsCore
0x000000004c51b000 	/System/Library/PrivateFrameworks/DesktopServicesPriv.framework/Versions/A/DesktopServicesPriv
0x000000004c51b000 	/System/Library/Frameworks/Carbon.framework/Versions/A/Frameworks/HIToolbox.framework/Versions/A/HIToolbox
0x000000004c51b000 	/usr/lib/libicucore.A.dylib
0x000000004c51b000 	/System/Library/Frameworks/QuartzCore.framework/Versions/A/QuartzCore
0x000000004c51b000 	/System/Library/Frameworks/Carbon.framework/Versions/A/Frameworks/SpeechRecognition.framework/Versions/A/SpeechRecognition
0x000000004c51b000 	/usr/lib/libauto.dylib
0x000000004c51b000 	/usr/lib/libxml2.2.dylib
0x000000004c51b000 	/System/Library/PrivateFrameworks/CoreUI.framework/Versions/A/CoreUI
0x000000004c51b000 	/System/Library/Frameworks/CoreAudio.framework/Versions/A/CoreAudio
0x000000004c51b000 	/System/Library/Frameworks/DiskArbitration.framework/Versions/A/DiskArbitration
0x000000004c51b000 	/usr/lib/liblangid.dylib
0x000000004c51b000 	/System/Library/PrivateFrameworks/MultitouchSupport.framework/Versions/A/MultitouchSupport
0x000000004c51b000 	/System/Library/Frameworks/IOKit.framework/Versions/A/IOKit
0x000000004c51b000 	/usr/lib/libDiagnosticMessagesClient.dylib
0x000000004c51b000 	/System/Library/Frameworks/CoreServices.framework/Versions/A/CoreServices
0x000000004c51b000 	/System/Library/PrivateFrameworks/PerformanceAnalysis.framework/Versions/A/PerformanceAnalysis
0x000000004c51b000 	/System/Library/PrivateFrameworks/GenerationalStorage.framework/Versions/A/GenerationalStorage
0x000000004c51b000 	/System/Library/Frameworks/OpenGL.framework/Versions/A/OpenGL
0x000000004c51b000 	/System/Library/Frameworks/CoreImage.framework/Versions/A/CoreImage
0x000000004c51b000 	/System/Library/Frameworks/CoreText.framework/Versions/A/CoreText
0x000000004c51b000 	/System/Library/Frameworks/ImageIO.framework/Versions/A/ImageIO
0x000000004c51b000 	/System/Library/PrivateFrameworks/Backup.framework/Versions/A/Backup
0x000000004c51b000 	/usr/lib/libarchive.2.dylib
0x000000004c51b000 	/System/Library/Frameworks/CFNetwork.framework/Versions/A/CFNetwork
0x000000004c51b000 	/System/Library/Frameworks/SystemConfiguration.framework/Versions/A/SystemConfiguration
0x000000004c51b000 	/usr/lib/libCRFSuite.dylib
0x000000004c51b000 	/usr/lib/libc++.1.dylib
0x000000004c51b000 	/usr/lib/libc++abi.dylib
0x000000004c51b000 	/usr/lib/system/libcache.dylib
0x000000004c51b000 	/usr/lib/system/libcommonCrypto.dylib
0x000000004c51b000 	/usr/lib/system/libcompiler_rt.dylib
0x000000004c51b000 	/usr/lib/system/libcopyfile.dylib
0x000000004c51b000 	/usr/lib/system/libcorecrypto.dylib
0x000000004c51b000 	/usr/lib/system/libdispatch.dylib
0x000000004c51b000 	/usr/lib/system/libdyld.dylib
0x000000004c51b000 	/usr/lib/system/libkeymgr.dylib
0x000000004c51b000 	/usr/lib/system/liblaunch.dylib
0x000000004c51b000 	/usr/lib/system/libmacho.dylib
0x000000004c51b000 	/usr/lib/system/libquarantine.dylib
0x000000004c51b000 	/usr/lib/system/libremovefile.dylib
0x000000004c51b000 	/usr/lib/system/libsystem_asl.dylib
0x000000004c51b000 	/usr/lib/system/libsystem_blocks.dylib
0x000000004c51b000 	/usr/lib/system/libsystem_c.dylib
0x000000004c51b000 	/usr/lib/system/libsystem_configuration.dylib
0x000000004c51b000 	/usr/lib/system/libsystem_coreservices.dylib
0x000000004c51b000 	/usr/lib/system/libsystem_coretls.dylib
0x000000004c51b000 	/usr/lib/system/libsystem_dnssd.dylib
0x000000004c51b000 	/usr/lib/system/libsystem_info.dylib
0x000000004c51b000 	/usr/lib/system/libsystem_kernel.dylib
0x000000004c51b000 	/usr/lib/system/libsystem_m.dylib
0x000000004c51b000 	/usr/lib/system/libsystem_malloc.dylib
0x000000004c51b000 	/usr/lib/system/libsystem_network.dylib
0x000000004c51b000 	/usr/lib/system/libsystem_networkextension.dylib
0x000000004c51b000 	/usr/lib/system/libsystem_notify.dylib
0x000000004c51b000 	/usr/lib/system/libsystem_platform.dylib
0x000000004c51b000 	/usr/lib/system/libsystem_pthread.dylib
0x000000004c51b000 	/usr/lib/system/libsystem_sandbox.dylib
0x000000004c51b000 	/usr/lib/system/libsystem_secinit.dylib
0x000000004c51b000 	/usr/lib/system/libsystem_symptoms.dylib
0x000000004c51b000 	/usr/lib/system/libsystem_trace.dylib
0x000000004c51b000 	/usr/lib/system/libunwind.dylib
0x000000004c51b000 	/usr/lib/system/libxpc.dylib
0x000000004c51b000 	/usr/lib/libbsm.0.dylib
0x000000004c51b000 	/usr/lib/system/libkxld.dylib
0x000000004c51b000 	/usr/lib/libcoretls.dylib
0x000000004c51b000 	/usr/lib/libcoretls_cfhelpers.dylib
0x000000004c51b000 	/usr/lib/libOpenScriptingUtil.dylib
0x000000004c51b000 	/usr/lib/libpam.2.dylib
0x000000004c51b000 	/usr/lib/libsqlite3.dylib
0x000000004c51b000 	/usr/lib/libxar.1.dylib
0x000000004c51b000 	/usr/lib/libbz2.1.0.dylib
0x000000004c51b000 	/usr/lib/liblzma.5.dylib
0x000000004c51b000 	/usr/lib/libnetwork.dylib
0x000000004c51b000 	/usr/lib/libpcap.A.dylib
0x000000004c51b000 	/System/Library/Frameworks/CoreServices.framework/Versions/A/Frameworks/FSEvents.framework/Versions/A/FSEvents
0x000000004c51b000 	/System/Library/Frameworks/CoreServices.framework/Versions/A/Frameworks/CarbonCore.framework/Versions/A/CarbonCore
0x000000004c51b000 	/System/Library/Frameworks/CoreServices.framework/Versions/A/Frameworks/Metadata.framework/Versions/A/Metadata
0x000000004c51b000 	/System/Library/Frameworks/CoreServices.framework/Versions/A/Frameworks/OSServices.framework/Versions/A/OSServices
0x000000004c51b000 	/System/Library/Frameworks/CoreServices.framework/Versions/A/Frameworks/SearchKit.framework/Versions/A/SearchKit
0x000000004c51b000 	/System/Library/Frameworks/CoreServices.framework/Versions/A/Frameworks/AE.framework/Versions/A/AE
0x000000004c51b000 	/System/Library/Frameworks/CoreServices.framework/Versions/A/Frameworks/LaunchServices.framework/Versions/A/LaunchServices
0x000000004c51b000 	/System/Library/Frameworks/CoreServices.framework/Versions/A/Frameworks/DictionaryServices.framework/Versions/A/DictionaryServices
0x000000004c51b000 	/System/Library/Frameworks/CoreServices.framework/Versions/A/Frameworks/SharedFileList.framework/Versions/A/SharedFileList
0x000000004c51b000 	/System/Library/Frameworks/NetFS.framework/Versions/A/NetFS
0x000000004c51b000 	/System/Library/PrivateFrameworks/NetAuth.framework/Versions/A/NetAuth
0x000000004c51b000 	/System/Library/PrivateFrameworks/login.framework/Versions/A/Frameworks/loginsupport.framework/Versions/A/loginsupport
0x000000004c51b000 	/System/Library/PrivateFrameworks/TCC.framework/Versions/A/TCC
0x000000004c51b000 	/usr/lib/libmecabra.dylib
0x000000004c51b000 	/System/Library/Frameworks/ApplicationServices.framework/Versions/A/Frameworks/ATS.framework/Versions/A/ATS
0x000000004c51b000 	/System/Library/Frameworks/ApplicationServices.framework/Versions/A/Frameworks/ColorSync.framework/Versions/A/ColorSync
0x000000004c51b000 	/System/Library/Frameworks/ApplicationServices.framework/Versions/A/Frameworks/HIServices.framework/Versions/A/HIServices
0x000000004c51b000 	/System/Library/Frameworks/ApplicationServices.framework/Versions/A/Frameworks/LangAnalysis.framework/Versions/A/LangAnalysis
0x000000004c51b000 	/System/Library/Frameworks/ApplicationServices.framework/Versions/A/Frameworks/PrintCore.framework/Versions/A/PrintCore
0x000000004c51b000 	/System/Library/Frameworks/ApplicationServices.framework/Versions/A/Frameworks/QD.framework/Versions/A/QD
0x000000004c51b000 	/System/Library/Frameworks/ApplicationServices.framework/Versions/A/Frameworks/SpeechSynthesis.framework/Versions/A/SpeechSynthesis
0x000000004c51b000 	/System/Library/Frameworks/Accelerate.framework/Versions/A/Frameworks/vImage.framework/Versions/A/vImage
0x000000004c51b000 	/System/Library/Frameworks/Accelerate.framework/Versions/A/Frameworks/vecLib.framework/Versions/A/vecLib
0x000000004c51b000 	/System/Library/Frameworks/Accelerate.framework/Versions/A/Frameworks/vecLib.framework/Versions/A/libvDSP.dylib
0x000000004c51b000 	/System/Library/Frameworks/Accelerate.framework/Versions/A/Frameworks/vecLib.framework/Versions/A/libBNNS.dylib
0x000000004c51b000 	/System/Library/Frameworks/Accelerate.framework/Versions/A/Frameworks/vecLib.framework/Versions/A/libQuadrature.dylib
0x000000004c51b000 	/System/Library/Frameworks/Accelerate.framework/Versions/A/Frameworks/vecLib.framework/Versions/A/libvMisc.dylib
0x000000004c51b000 	/System/Library/Frameworks/Accelerate.framework/Versions/A/Frameworks/vecLib.framework/Versions/A/libLAPACK.dylib
0x000000004c51b000 	/System/Library/Frameworks/Accelerate.framework/Versions/A/Frameworks/vecLib.framework/Versions/A/libBLAS.dylib
0x000000004c51b000 	/System/Library/Frameworks/Accelerate.framework/Versions/A/Frameworks/vecLib.framework/Versions/A/libLinearAlgebra.dylib
0x000000004c51b000 	/System/Library/Frameworks/Accelerate.framework/Versions/A/Frameworks/vecLib.framework/Versions/A/libSparseBLAS.dylib
0x000000004c51b000 	/System/Library/Frameworks/ApplicationServices.framework/Versions/A/Frameworks/ATS.framework/Versions/A/Resources/libFontParser.dylib
0x000000004c51b000 	/System/Library/Frameworks/ApplicationServices.framework/Versions/A/Frameworks/ATS.framework/Versions/A/Resources/libFontRegistry.dylib
0x000000004c51b000 	/System/Library/Frameworks/ImageIO.framework/Versions/A/Resources/libJPEG.dylib
0x000000004c51b000 	/System/Library/Frameworks/ImageIO.framework/Versions/A/Resources/libTIFF.dylib
0x000000004c51b000 	/System/Library/Frameworks/ImageIO.framework/Versions/A/Resources/libPng.dylib
0x000000004c51b000 	/System/Library/Frameworks/ImageIO.framework/Versions/A/Resources/libGIF.dylib
0x000000004c51b000 	/System/Library/Frameworks/ImageIO.framework/Versions/A/Resources/libJP2.dylib
0x000000004c51b000 	/System/Library/Frameworks/ImageIO.framework/Versions/A/Resources/libRadiance.dylib
0x000000004c51b000 	/usr/lib/libcompression.dylib
0x000000004c51b000 	/System/Library/PrivateFrameworks/AppleJPEG.framework/Versions/A/AppleJPEG
0x000000004c51b000 	/usr/lib/libcups.2.dylib
0x000000004c51b000 	/System/Library/Frameworks/Kerberos.framework/Versions/A/Kerberos
0x000000004c51b000 	/System/Library/Frameworks/GSS.framework/Versions/A/GSS
0x000000004c51b000 	/usr/lib/libresolv.9.dylib
0x000000004c51b000 	/usr/lib/libiconv.2.dylib
0x000000004c51b000 	/System/Library/PrivateFrameworks/Heimdal.framework/Versions/A/Heimdal
0x000000004c51b000 	/usr/lib/libheimdal-asn1.dylib
0x000000004c51b000 	/System/Library/Frameworks/OpenDirectory.framework/Versions/A/OpenDirectory
0x000000004c51b000 	/System/Library/PrivateFrameworks/CommonAuth.framework/Versions/A/CommonAuth
0x000000004c51b000 	/System/Library/Frameworks/OpenDirectory.framework/Versions/A/Frameworks/CFOpenDirectory.framework/Versions/A/CFOpenDirectory
0x000000004c51b000 	/System/Library/Frameworks/SecurityFoundation.framework/Versions/A/SecurityFoundation
0x000000004c51b000 	/System/Library/PrivateFrameworks/LanguageModeling.framework/Versions/A/LanguageModeling
0x000000004c51b000 	/usr/lib/libmarisa.dylib
0x000000004c51b000 	/usr/lib/libChineseTokenizer.dylib
0x000000004c51b000 	/usr/lib/libcmph.dylib
0x000000004c51b000 	/System/Library/PrivateFrameworks/CoreEmoji.framework/Versions/A/CoreEmoji
0x000000004c51b000 	/System/Library/Frameworks/ServiceManagement.framework/Versions/A/ServiceManagement
0x000000004c51b000 	/usr/lib/libxslt.1.dylib
0x000000004c51b000 	/System/Library/Frameworks/Carbon.framework/Versions/A/Frameworks/Ink.framework/Versions/A/Ink
0x000000004c51b000 	/System/Library/PrivateFrameworks/TextureIO.framework/Versions/A/TextureIO
0x000000004c51b000 	/System/Library/Frameworks/Metal.framework/Versions/A/Metal
0x000000004c51b000 	/usr/lib/libate.dylib
0x000000004c51b000 	/System/Library/PrivateFrameworks/GPUCompiler.framework/libmetal_timestamp.dylib
0x000000004c51b000 	/System/Library/Frameworks/OpenGL.framework/Versions/A/Libraries/libCoreFSCache.dylib
0x000000004c51b000 	/System/Library/PrivateFrameworks/IOAccelerator.framework/Versions/A/IOAccelerator
0x000000004c51b000 	/System/Library/Frameworks/CoreVideo.framework/Versions/A/CoreVideo
0x000000004c51b000 	/usr/lib/libFosl_dynamic.dylib
0x000000004c51b000 	/System/Library/PrivateFrameworks/MetalPerformanceShaders.framework/Versions/A/MetalPerformanceShaders
0x000000004c51b000 	/System/Library/PrivateFrameworks/FaceCore.framework/Versions/A/FaceCore
0x000000004c51b000 	/System/Library/Frameworks/OpenCL.framework/Versions/A/OpenCL
0x000000004c51b000 	/System/Library/Frameworks/OpenGL.framework/Versions/A/Libraries/libGLU.dylib
0x000000004c51b000 	/System/Library/Frameworks/OpenGL.framework/Versions/A/Libraries/libGFXShared.dylib
0x000000004c51b000 	/System/Library/Frameworks/OpenGL.framework/Versions/A/Libraries/libGL.dylib
0x000000004c51b000 	/System/Library/Frameworks/OpenGL.framework/Versions/A/Libraries/libGLImage.dylib
0x000000004c51b000 	/System/Library/Frameworks/OpenGL.framework/Versions/A/Libraries/libCVMSPluginSupport.dylib
0x000000004c51b000 	/System/Library/Frameworks/OpenGL.framework/Versions/A/Libraries/libCoreVMClient.dylib
0x000000004c51b000 	/System/Library/PrivateFrameworks/CrashReporterSupport.framework/Versions/A/CrashReporterSupport
0x000000004c51b000 	/System/Library/PrivateFrameworks/Sharing.framework/Versions/A/Sharing
0x000000004c51b000 	/System/Library/PrivateFrameworks/IconServices.framework/Versions/A/IconServices
0x000000004c51b000 	/System/Library/PrivateFrameworks/ProtocolBuffer.framework/Versions/A/ProtocolBuffer
0x000000004c51b000 	/System/Library/PrivateFrameworks/Apple80211.framework/Versions/A/Apple80211
0x000000004c51b000 	/System/Library/Frameworks/CoreWLAN.framework/Versions/A/CoreWLAN
0x000000004c51b000 	/System/Library/PrivateFrameworks/CoreUtils.framework/Versions/A/CoreUtils
0x000000004c51b000 	/System/Library/Frameworks/IOBluetooth.framework/Versions/A/IOBluetooth
0x000000004c51b000 	/System/Library/PrivateFrameworks/CoreWiFi.framework/Versions/A/CoreWiFi
0x000000004c51b000 	/System/Library/Frameworks/CoreBluetooth.framework/Versions/A/CoreBluetooth
0x000000004c51b000 	/System/Library/Frameworks/CoreDisplay.framework/Versions/A/CoreDisplay
0x000000004c51b000 	/System/Library/PrivateFrameworks/IOPresentment.framework/Versions/A/IOPresentment
0x000000004c51b000 	/System/Library/PrivateFrameworks/DSExternalDisplay.framework/Versions/A/DSExternalDisplay
0x000000004c51b000 	/System/Library/PrivateFrameworks/DebugSymbols.framework/Versions/A/DebugSymbols
0x000000004c51b000 	/System/Library/PrivateFrameworks/CoreSymbolication.framework/Versions/A/CoreSymbolication
0x000000004c51b000 	/System/Library/PrivateFrameworks/Symbolication.framework/Versions/A/Symbolication
0x000000004c51b000 	/System/Library/PrivateFrameworks/AppleFSCompression.framework/Versions/A/AppleFSCompression
0x000000004c51b000 	/System/Library/PrivateFrameworks/SpeechRecognitionCore.framework/Versions/A/SpeechRecognitionCore
0x000000004c51b000 	/System/Library/PrivateFrameworks/ChunkingLibrary.framework/Versions/A/ChunkingLibrary
0x000000010ae00000 	/Library/Java/JavaVirtualMachines/jdk1.8.0_91.jdk/Contents/Home/jre/lib/server/libjvm.dylib
0x000000004c51b000 	/usr/lib/libstdc++.6.dylib
0x0000000109d60000 	/Library/Java/JavaVirtualMachines/jdk1.8.0_91.jdk/Contents/Home/jre/lib/libverify.dylib
0x0000000109d6e000 	/Library/Java/JavaVirtualMachines/jdk1.8.0_91.jdk/Contents/Home/jre/lib/libjava.dylib
0x0000000109da4000 	/Library/Java/JavaVirtualMachines/jdk1.8.0_91.jdk/Contents/Home/jre/lib/libjdwp.dylib
0x0000000109def000 	/Library/Java/JavaVirtualMachines/jdk1.8.0_91.jdk/Contents/Home/jre/lib/libnpt.dylib
0x000000010bd94000 	/Library/Java/JavaVirtualMachines/jdk1.8.0_91.jdk/Contents/Home/jre/lib/libzip.dylib
0x000000010f532000 	/System/Library/Frameworks/JavaVM.framework/Frameworks/JavaRuntimeSupport.framework/JavaRuntimeSupport
0x0000000126ef8000 	/System/Library/Frameworks/JavaVM.framework/Versions/A/Frameworks/JavaNativeFoundation.framework/Versions/A/JavaNativeFoundation
0x0000000126f0d000 	/System/Library/Frameworks/JavaVM.framework/Versions/A/JavaVM
0x000000004c51b000 	/System/Library/Frameworks/Carbon.framework/Versions/A/Carbon
0x0000000126f1a000 	/System/Library/PrivateFrameworks/JavaLaunching.framework/Versions/A/JavaLaunching
0x000000004c51b000 	/System/Library/Frameworks/Carbon.framework/Versions/A/Frameworks/CommonPanels.framework/Versions/A/CommonPanels
0x000000004c51b000 	/System/Library/Frameworks/Carbon.framework/Versions/A/Frameworks/Help.framework/Versions/A/Help
0x000000004c51b000 	/System/Library/Frameworks/Carbon.framework/Versions/A/Frameworks/ImageCapture.framework/Versions/A/ImageCapture
0x000000004c51b000 	/System/Library/Frameworks/Carbon.framework/Versions/A/Frameworks/OpenScripting.framework/Versions/A/OpenScripting
0x000000004c51b000 	/System/Library/Frameworks/Carbon.framework/Versions/A/Frameworks/Print.framework/Versions/A/Print
0x000000004c51b000 	/System/Library/Frameworks/Carbon.framework/Versions/A/Frameworks/SecurityHI.framework/Versions/A/SecurityHI
0x000000012882c000 	/Library/Java/JavaVirtualMachines/jdk1.8.0_91.jdk/Contents/Home/jre/lib/libdt_socket.dylib
0x0000000128833000 	/Library/Java/JavaVirtualMachines/jdk1.8.0_91.jdk/Contents/Home/jre/lib/libmanagement.dylib
0x0000000128841000 	/Library/Java/JavaVirtualMachines/jdk1.8.0_91.jdk/Contents/Home/jre/lib/libnet.dylib
0x00000001288a0000 	/Library/Java/JavaVirtualMachines/jdk1.8.0_91.jdk/Contents/Home/jre/lib/libnio.dylib
0x0000000129c7d000 	/Library/Java/JavaVirtualMachines/jdk1.8.0_91.jdk/Contents/Home/jre/lib/libsunec.dylib

VM Arguments:
jvm_args: -agentlib:jdwp=transport=dt_socket,suspend=y,address=localhost:51887 -Dcom.sun.management.jmxremote -Dcom.sun.management.jmxremote.port=51886 -Dcom.sun.management.jmxremote.authenticate=false -Dcom.sun.management.jmxremote.ssl=false -Djava.rmi.server.hostname=localhost -Dspring.liveBeansView.mbeanDomain -Dspring.application.admin.enabled=true -Djava.security.egd=file:/dev/./urandom -Xverify:none -XX:TieredStopAtLevel=1 -Dfile.encoding=UTF-8 
java_command: gov.nist.hit.hl7.BootstrapApplication --debug --spring.output.ansi.enabled=always
java_class_path (initial): /Library/Java/JavaVirtualMachines/jdk1.8.0_91.jdk/Contents/Home/jre/lib/resources.jar:/Library/Java/JavaVirtualMachines/jdk1.8.0_91.jdk/Contents/Home/jre/lib/rt.jar:/Library/Java/JavaVirtualMachines/jdk1.8.0_91.jdk/Contents/Home/jre/lib/jsse.jar:/Library/Java/JavaVirtualMachines/jdk1.8.0_91.jdk/Contents/Home/jre/lib/jce.jar:/Library/Java/JavaVirtualMachines/jdk1.8.0_91.jdk/Contents/Home/jre/lib/charsets.jar:/Library/Java/JavaVirtualMachines/jdk1.8.0_91.jdk/Contents/Home/jre/lib/jfr.jar:/Library/Java/JavaVirtualMachines/jdk1.8.0_91.jdk/Contents/Home/jre/lib/ext/cldrdata.jar:/Library/Java/JavaVirtualMachines/jdk1.8.0_91.jdk/Contents/Home/jre/lib/ext/dnsns.jar:/Library/Java/JavaVirtualMachines/jdk1.8.0_91.jdk/Contents/Home/jre/lib/ext/jaccess.jar:/Library/Java/JavaVirtualMachines/jdk1.8.0_91.jdk/Contents/Home/jre/lib/ext/jfxrt.jar:/Library/Java/JavaVirtualMachines/jdk1.8.0_91.jdk/Contents/Home/jre/lib/ext/localedata.jar:/Library/Java/JavaVirtualMachines/jdk1.8.0_91.jdk/Contents/Home/jre/lib/ext/nashorn.jar:/Library/Java/JavaVirtualMachines/jdk1.8.0_91.jdk/Contents/Home/jre/lib/ext/sunec.jar:/Library/Java/JavaVirtualMachines/jdk1.8.0_91.jdk/Contents/Home/jre/lib/ext/sunjce_provider.jar:/Library/Java/JavaVirtualMachines/jdk1.8.0_91.jdk/Contents/Home/jre/lib/ext/sunpkcs11.jar:/Library/Java/JavaVirtualMachines/jdk1.8.0_91.jdk/Contents/Home/jre/lib/ext/zipfs.jar:/System/Library/Java/Extensions/MRJToolkit.jar:/Users/ena3/hl7-igamt/bootstrap/target/classes:/Users/ena3/.m2/repository/org/springframework/boot/spring-boot-starter-web/1.5.10.RELEASE/spring-boot-starter-web-1.5.10.RELEASE.jar:/Users/ena3/.m2/repository/org/springframework/boot/spring-boot-starter/1.5.10.RELEASE/spring-boot-starter-1.5.10.RELEASE.jar:/Users/ena3/.m2/repository/org/springframework/boot/spring-boot/1.5.10.RELEASE/spring-boot-1.5.10.RELEASE.jar:/Users/ena3/.m2/repository/org/springframework/boot/spring-boot-autoconfigure/1.5.10.RELEASE/spring-boot-autoconfigure-1.5.10.RELE
Launcher Type: SUN_STANDARD

Environment Variables:
PATH=/usr/bin:/bin:/usr/sbin:/sbin
SHELL=/bin/bash

Signal Handlers:
SIGSEGV: [libjvm.dylib+0x5a97a1], sa_mask[0]=11111111011111110111111111111111, sa_flags=SA_ONSTACK|SA_RESTART|SA_SIGINFO
SIGBUS: [libjvm.dylib+0x5a97a1], sa_mask[0]=11111111011111110111111111111111, sa_flags=SA_RESTART|SA_SIGINFO
SIGFPE: [libjvm.dylib+0x482594], sa_mask[0]=11111111011111110111111111111111, sa_flags=SA_RESTART|SA_SIGINFO
SIGPIPE: [libjvm.dylib+0x482594], sa_mask[0]=11111111011111110111111111111111, sa_flags=SA_RESTART|SA_SIGINFO
SIGXFSZ: [libjvm.dylib+0x482594], sa_mask[0]=11111111011111110111111111111111, sa_flags=SA_RESTART|SA_SIGINFO
SIGILL: [libjvm.dylib+0x482594], sa_mask[0]=11111111011111110111111111111111, sa_flags=SA_RESTART|SA_SIGINFO
SIGUSR1: SIG_DFL, sa_mask[0]=00000000000000000000000000000000, sa_flags=none
SIGUSR2: [libjvm.dylib+0x4820b2], sa_mask[0]=00100000000000000000000000000000, sa_flags=SA_RESTART|SA_SIGINFO
SIGHUP: [libjvm.dylib+0x480689], sa_mask[0]=11111111011111110111111111111111, sa_flags=SA_RESTART|SA_SIGINFO
SIGINT: [libjvm.dylib+0x480689], sa_mask[0]=11111111011111110111111111111111, sa_flags=SA_RESTART|SA_SIGINFO
SIGTERM: [libjvm.dylib+0x480689], sa_mask[0]=11111111011111110111111111111111, sa_flags=SA_RESTART|SA_SIGINFO
SIGQUIT: [libjvm.dylib+0x480689], sa_mask[0]=11111111011111110111111111111111, sa_flags=SA_RESTART|SA_SIGINFO


---------------  S Y S T E M  ---------------

OS:Bsduname:Darwin 16.7.0 Darwin Kernel Version 16.7.0: Tue Jan 30 11:27:06 PST 2018; root:xnu-3789.73.11~1/RELEASE_X86_64 x86_64
rlimit: STACK 8192k, CORE 0k, NPROC 709, NOFILE 10240, AS infinity
load average:3.56 3.21 3.06

CPU:total 8 (4 cores per cpu, 2 threads per core) family 6 model 70 stepping 1, cmov, cx8, fxsr, mmx, sse, sse2, sse3, ssse3, sse4.1, sse4.2, popcnt, avx, avx2, aes, clmul, erms, lzcnt, ht, tsc, tscinvbit, bmi1, bmi2

Memory: 4k page, physical 16777216k(39460k free)

/proc/meminfo:


vm_info: Java HotSpot(TM) 64-Bit Server VM (25.91-b14) for bsd-amd64 JRE (1.8.0_91-b14), built on Apr  1 2016 01:03:00 by "java_re" with gcc 4.2.1 (Based on Apple Inc. build 5658) (LLVM build 2336.11.00)

time: Thu Apr 12 12:58:42 2018
elapsed time: 221 seconds (0d 0h 3m 41s)

