#
# A fatal error has been detected by the Java Runtime Environment:
#
#  SIGSEGV (0xb) at pc=0x0000000108848358, pid=30721, tid=19203
#
# JRE version: Java(TM) SE Runtime Environment (8.0_91-b14) (build 1.8.0_91-b14)
# Java VM: Java HotSpot(TM) 64-Bit Server VM (25.91-b14 mixed mode bsd-amd64 compressed oops)
# Problematic frame:
# V  [libjvm.dylib+0x448358]
#
# Failed to write core dump. Core dumps have been disabled. To enable core dumping, try "ulimit -c unlimited" before starting Java again
#
# If you would like to submit a bug report, please visit:
#   http://bugreport.java.com/bugreport/crash.jsp
#

---------------  T H R E A D  ---------------

Current thread (0x00007ff4e7025800):  JavaThread "JDWP Transport Listener: dt_socket" daemon [_thread_in_vm, id=19203, stack(0x0000700006ae2000,0x0000700006be2000)]

siginfo: si_signo: 11 (SIGSEGV), si_code: 0 (unknown), si_addr: 0x0000000000000000

Registers:
RAX=0x0000000000000001, RBX=0x0000700006be1a8b, RCX=0x0000000108c18340, RDX=0x0000700006be1a8b
RSP=0x0000700006be19d0, RBP=0x0000700006be19e0, RSI=0x00007ff4e7025800, RDI=0x500007ff4e9b2aac
R8 =0x0000000000000000, R9 =0x00007ff4e6fb4f10, R10=0x0000000000000001, R11=0x0000000000000001
R12=0x00007ff4e7025800, R13=0x500007ff4e9b2aac, R14=0x500007ff4e9b2aac, R15=0x00007ff4e4f03020
RIP=0x0000000108848358, EFLAGS=0x0000000000010206, ERR=0x0000000000000000
  TRAPNO=0x000000000000000d

Top of Stack: (sp=0x0000700006be19d0)
0x0000700006be19d0:   0000700006be1a8b 0000700006be1a8b
0x0000700006be19e0:   0000700006be1a40 0000000108757316
0x0000700006be19f0:   00007ff4e7025800 0000000000000000
0x0000700006be1a00:   0000000000000000 0000000000000000
0x0000700006be1a10:   00007ff4e7025800 00007ff4e7025800
0x0000700006be1a20:   0000700006be1a8b 0000700006be1a90
0x0000700006be1a30:   500007ff4e9b2aac 0000000000000001
0x0000700006be1a40:   0000700006be1a60 0000000106874780
0x0000700006be1a50:   0000000000000001 0000700006be1b08
0x0000700006be1a60:   0000700006be1ad0 00000001068591f3
0x0000700006be1a70:   0000700006be1aa0 00007ff4e9b18bf0
0x0000700006be1a80:   0000000200000032 0000000100be1b08
0x0000700006be1a90:   0000000000000000 0000000000000000
0x0000700006be1aa0:   0000000000000000 0000700006be1c90
0x0000700006be1ab0:   000000010687be7a 00007ff4e6f55b70
0x0000700006be1ac0:   0000700006be1b08 0000000106887598
0x0000700006be1ad0:   0000700006be1ae0 00000001068592ec
0x0000700006be1ae0:   0000700006be1d00 0000000106862898
0x0000700006be1af0:   0000a8f700000013 00000000000f0200
0x0000700006be1b00:   00007ff4e9b19c30 0000700006be1b7d
0x0000700006be1b10:   00007ff400000107 0000700006be1b20
0x0000700006be1b20:   00007ff400000025 0000700006be1b58
0x0000700006be1b30:   0000000000000000 0000000000000000
0x0000700006be1b40:   0000a8f70000001c 00007ff400002f80
0x0000700006be1b50:   0000700006be1b58 f47f000002000000
0x0000700006be1b60:   06000000d07981e9 00003e74696e693c
0x0000700006be1b70:   0000005629280300 0000000100000000
0x0000700006be1b80:   0000010100190000 00004b0000000000
0x0000700006be1b90:   0000c82e8ae9f47f 00004d0000000000
0x0000700006be1ba0:   0001020019000000 004b000000000000
0x0000700006be1bb0:   007801a5e9f47f00 00b8000000000000
0x0000700006be1bc0:   0103001900000000 4b00000000000000 

Instructions: (pc=0x0000000108848358)
0x0000000108848338:   40 48 48 85 c0 75 e0 30 c0 0f b6 c0 5d c3 31 c0
0x0000000108848348:   5d c3 55 48 89 e5 53 48 83 ec 08 48 85 ff 74 24
0x0000000108848358:   48 8b 1f 48 85 db 74 1c 48 83 fb 37 74 16 48 8b
0x0000000108848368:   03 48 89 df ff 50 10 84 c0 b8 00 00 00 00 48 0f 

Register to memory mapping:

RAX=0x0000000000000001 is an unknown value
RBX=0x0000700006be1a8b is pointing into the stack for thread: 0x00007ff4e7025800
RCX=0x0000000108c18340: UseMembar+0 in /Library/Java/JavaVirtualMachines/jdk1.8.0_91.jdk/Contents/Home/jre/lib/server/libjvm.dylib at 0x0000000108400000
RDX=0x0000700006be1a8b is pointing into the stack for thread: 0x00007ff4e7025800
RSP=0x0000700006be19d0 is pointing into the stack for thread: 0x00007ff4e7025800
RBP=0x0000700006be19e0 is pointing into the stack for thread: 0x00007ff4e7025800
RSI=0x00007ff4e7025800 is a thread
RDI=0x500007ff4e9b2aac is an unknown value
R8 =0x0000000000000000 is an unknown value
R9 =0x00007ff4e6fb4f10 is an unknown value
R10=0x0000000000000001 is an unknown value
R11=0x0000000000000001 is an unknown value
R12=0x00007ff4e7025800 is a thread
R13=0x500007ff4e9b2aac is an unknown value
R14=0x500007ff4e9b2aac is an unknown value
R15=0x00007ff4e4f03020 is an unknown value


Stack: [0x0000700006ae2000,0x0000700006be2000],  sp=0x0000700006be19d0,  free space=1022k
Native frames: (J=compiled Java code, j=interpreted, Vv=VM code, C=native code)
V  [libjvm.dylib+0x448358]
V  [libjvm.dylib+0x357316]
C  [libjdwp.dylib+0x20780]  isMethodSynthetic+0x63
C  [libjdwp.dylib+0x51f3]  methods1+0x10b
C  [libjdwp.dylib+0x52ec]  methodsWithGeneric+0xe
C  [libjdwp.dylib+0xe898]  debugLoop_run+0x1ce
C  [libjdwp.dylib+0x1f6ba]  attachThread+0x4d
V  [libjvm.dylib+0x39867c]
V  [libjvm.dylib+0x563d17]
V  [libjvm.dylib+0x565412]
V  [libjvm.dylib+0x484f82]
C  [libsystem_pthread.dylib+0x393b]  _pthread_body+0xb4
C  [libsystem_pthread.dylib+0x3887]  _pthread_body+0x0
C  [libsystem_pthread.dylib+0x308d]  thread_start+0xd
C  0x0000000000000000


---------------  P R O C E S S  ---------------

Java Threads: ( => current thread )
  0x00007ff4e7489000 JavaThread "CleanCursors-1-thread-1" daemon [_thread_blocked, id=27907, stack(0x0000700007c15000,0x0000700007d15000)]
  0x00007ff4e663f800 JavaThread "cluster-ClusterId{value='5b4628e5845d317801501f54', description='null'}-localhost:27017" daemon [_thread_blocked, id=27395, stack(0x0000700007b12000,0x0000700007c12000)]
  0x00007ff4e810a800 JavaThread "RMI TCP Accept-0" daemon [_thread_in_native, id=24323, stack(0x0000700007500000,0x0000700007600000)]
  0x00007ff4e72bc000 JavaThread "RMI TCP Accept-63414" daemon [_thread_in_native, id=23811, stack(0x00007000073fd000,0x00007000074fd000)]
  0x00007ff4e8076800 JavaThread "RMI TCP Accept-0" daemon [_thread_in_native, id=23299, stack(0x00007000072fa000,0x00007000073fa000)]
  0x00007ff4e7050000 JavaThread "Service Thread" daemon [_thread_blocked, id=22787, stack(0x00007000071f7000,0x00007000072f7000)]
  0x00007ff4e7035000 JavaThread "C1 CompilerThread3" daemon [_thread_blocked, id=22275, stack(0x00007000070f4000,0x00007000071f4000)]
  0x00007ff4e7034000 JavaThread "C2 CompilerThread2" daemon [_thread_blocked, id=21763, stack(0x0000700006ff1000,0x00007000070f1000)]
  0x00007ff4e7029000 JavaThread "C2 CompilerThread1" daemon [_thread_blocked, id=21251, stack(0x0000700006eee000,0x0000700006fee000)]
  0x00007ff4e7028000 JavaThread "C2 CompilerThread0" daemon [_thread_blocked, id=20739, stack(0x0000700006deb000,0x0000700006eeb000)]
  0x00007ff4e7869800 JavaThread "JDWP Command Reader" daemon [_thread_in_native, id=20227, stack(0x0000700006ce8000,0x0000700006de8000)]
  0x00007ff4e7027800 JavaThread "JDWP Event Helper Thread" daemon [_thread_blocked, id=19715, stack(0x0000700006be5000,0x0000700006ce5000)]
=>0x00007ff4e7025800 JavaThread "JDWP Transport Listener: dt_socket" daemon [_thread_in_vm, id=19203, stack(0x0000700006ae2000,0x0000700006be2000)]
  0x00007ff4e787d000 JavaThread "Signal Dispatcher" daemon [_thread_blocked, id=18691, stack(0x00007000069df000,0x0000700006adf000)]
  0x00007ff4e701d000 JavaThread "Finalizer" daemon [_thread_blocked, id=14595, stack(0x00007000068dc000,0x00007000069dc000)]
  0x00007ff4e701a800 JavaThread "Reference Handler" daemon [_thread_blocked, id=14083, stack(0x00007000067d9000,0x00007000068d9000)]
  0x00007ff4e7000000 JavaThread "main" [_thread_blocked, id=7171, stack(0x0000700005dbb000,0x0000700005ebb000)]

Other Threads:
  0x00007ff4e7858800 VMThread [stack: 0x00007000066d6000,0x00007000067d6000] [id=13571]
  0x00007ff4e8058800 WatcherThread [stack: 0x0000700007603000,0x0000700007703000] [id=24835]

VM state:not at safepoint (normal execution)

VM Mutex/Monitor currently owned by a thread: None

Heap:
 PSYoungGen      total 352768K, used 47026K [0x000000076ab00000, 0x0000000781a80000, 0x00000007c0000000)
  eden space 335872K, 8% used [0x000000076ab00000,0x000000076c8837e0,0x000000077f300000)
  from space 16896K, 99% used [0x0000000780a00000,0x0000000781a691f8,0x0000000781a80000)
  to   space 18432K, 0% used [0x000000077f680000,0x000000077f680000,0x0000000780880000)
 ParOldGen       total 148992K, used 21275K [0x00000006c0000000, 0x00000006c9180000, 0x000000076ab00000)
  object space 148992K, 14% used [0x00000006c0000000,0x00000006c14c6f38,0x00000006c9180000)
 Metaspace       used 41621K, capacity 43838K, committed 44032K, reserved 1087488K
  class space    used 5758K, capacity 6141K, committed 6144K, reserved 1048576K

Card table byte_map: [0x0000000118394000,0x0000000118b95000] byte_map_base: 0x0000000114d94000

Marking Bits: (ParMarkBitMap*) 0x0000000108ce6eb0
 Begin Bits: [0x0000000118b95000, 0x000000011cb95000)
 End Bits:   [0x000000011cb95000, 0x0000000120b95000)

Polling page: 0x0000000106853000

CodeCache: size=245760Kb used=10097Kb max_used=10097Kb free=235662Kb
 bounds [0x0000000109394000, 0x0000000109d74000, 0x0000000118394000]
 total_blobs=5269 nmethods=4846 adapters=344
 compilation: enabled

Compilation events (10 events):
Event: 143.193 Thread 0x00007ff4e7035000 4874       1       org.bson.AbstractBsonReader::checkPreconditions (24 bytes)
Event: 143.193 Thread 0x00007ff4e7035000 nmethod 4874 0x00000001094de4d0 code [0x00000001094de660, 0x00000001094de858]
Event: 143.193 Thread 0x00007ff4e7035000 4875       1       org.bson.AbstractBsonReader::verifyBSONType (115 bytes)
Event: 143.194 Thread 0x00007ff4e7035000 nmethod 4875 0x0000000109d70a90 code [0x0000000109d70cc0, 0x0000000109d71568]
Event: 153.198 Thread 0x00007ff4e7035000 4876       1       org.bson.AbstractBsonWriter::getState (5 bytes)
Event: 153.198 Thread 0x00007ff4e7035000 nmethod 4876 0x00000001094de210 code [0x00000001094de360, 0x00000001094de470]
Event: 153.198 Thread 0x00007ff4e7035000 4877       1       java.nio.ByteBuffer::order (48 bytes)
Event: 153.198 Thread 0x00007ff4e7035000 nmethod 4877 0x00000001094ddf10 code [0x00000001094de060, 0x00000001094de1b0]
Event: 163.203 Thread 0x00007ff4e7035000 4878       1       org.bson.BsonValue::<init> (5 bytes)
Event: 163.203 Thread 0x00007ff4e7035000 nmethod 4878 0x00000001094ddc50 code [0x00000001094ddda0, 0x00000001094ddeb0]

GC Heap History (10 events):
Event: 2.888 GC heap before
{Heap before GC invocations=8 (full 1):
 PSYoungGen      total 176640K, used 176628K [0x000000076ab00000, 0x0000000778a00000, 0x00000007c0000000)
  eden space 165376K, 100% used [0x000000076ab00000,0x0000000774c80000,0x0000000774c80000)
  from space 11264K, 99% used [0x0000000775a80000,0x000000077657d148,0x0000000776580000)
  to   space 14336K, 0% used [0x0000000774c80000,0x0000000774c80000,0x0000000775a80000)
 ParOldGen       total 95744K, used 9480K [0x00000006c0000000, 0x00000006c5d80000, 0x000000076ab00000)
  object space 95744K, 9% used [0x00000006c0000000,0x00000006c0942200,0x00000006c5d80000)
 Metaspace       used 31521K, capacity 32934K, committed 33024K, reserved 1077248K
  class space    used 4268K, capacity 4564K, committed 4608K, reserved 1048576K
Event: 2.899 GC heap after
Heap after GC invocations=8 (full 1):
 PSYoungGen      total 179712K, used 14334K [0x000000076ab00000, 0x000000077c480000, 0x00000007c0000000)
  eden space 165376K, 0% used [0x000000076ab00000,0x000000076ab00000,0x0000000774c80000)
  from space 14336K, 99% used [0x0000000774c80000,0x0000000775a7f9d8,0x0000000775a80000)
  to   space 17408K, 0% used [0x000000077b380000,0x000000077b380000,0x000000077c480000)
 ParOldGen       total 95744K, used 11891K [0x00000006c0000000, 0x00000006c5d80000, 0x000000076ab00000)
  object space 95744K, 12% used [0x00000006c0000000,0x00000006c0b9cf68,0x00000006c5d80000)
 Metaspace       used 31521K, capacity 32934K, committed 33024K, reserved 1077248K
  class space    used 4268K, capacity 4564K, committed 4608K, reserved 1048576K
}
Event: 3.066 GC heap before
{Heap before GC invocations=9 (full 1):
 PSYoungGen      total 179712K, used 51803K [0x000000076ab00000, 0x000000077c480000, 0x00000007c0000000)
  eden space 165376K, 22% used [0x000000076ab00000,0x000000076cf975f0,0x0000000774c80000)
  from space 14336K, 99% used [0x0000000774c80000,0x0000000775a7f9d8,0x0000000775a80000)
  to   space 17408K, 0% used [0x000000077b380000,0x000000077b380000,0x000000077c480000)
 ParOldGen       total 95744K, used 11891K [0x00000006c0000000, 0x00000006c5d80000, 0x000000076ab00000)
  object space 95744K, 12% used [0x00000006c0000000,0x00000006c0b9cf68,0x00000006c5d80000)
 Metaspace       used 34011K, capacity 35454K, committed 35496K, reserved 1079296K
  class space    used 4565K, capacity 4862K, committed 4864K, reserved 1048576K
Event: 3.077 GC heap after
Heap after GC invocations=9 (full 1):
 PSYoungGen      total 271872K, used 10651K [0x000000076ab00000, 0x000000077cf00000, 0x00000007c0000000)
  eden space 254464K, 0% used [0x000000076ab00000,0x000000076ab00000,0x000000077a380000)
  from space 17408K, 61% used [0x000000077b380000,0x000000077bde6f60,0x000000077c480000)
  to   space 16384K, 0% used [0x000000077a380000,0x000000077a380000,0x000000077b380000)
 ParOldGen       total 95744K, used 17788K [0x00000006c0000000, 0x00000006c5d80000, 0x000000076ab00000)
  object space 95744K, 18% used [0x00000006c0000000,0x00000006c115f3c0,0x00000006c5d80000)
 Metaspace       used 34011K, capacity 35454K, committed 35496K, reserved 1079296K
  class space    used 4565K, capacity 4862K, committed 4864K, reserved 1048576K
}
Event: 3.077 GC heap before
{Heap before GC invocations=10 (full 2):
 PSYoungGen      total 271872K, used 10651K [0x000000076ab00000, 0x000000077cf00000, 0x00000007c0000000)
  eden space 254464K, 0% used [0x000000076ab00000,0x000000076ab00000,0x000000077a380000)
  from space 17408K, 61% used [0x000000077b380000,0x000000077bde6f60,0x000000077c480000)
  to   space 16384K, 0% used [0x000000077a380000,0x000000077a380000,0x000000077b380000)
 ParOldGen       total 95744K, used 17788K [0x00000006c0000000, 0x00000006c5d80000, 0x000000076ab00000)
  object space 95744K, 18% used [0x00000006c0000000,0x00000006c115f3c0,0x00000006c5d80000)
 Metaspace       used 34011K, capacity 35454K, committed 35496K, reserved 1079296K
  class space    used 4565K, capacity 4862K, committed 4864K, reserved 1048576K
Event: 3.116 GC heap after
Heap after GC invocations=10 (full 2):
 PSYoungGen      total 271872K, used 0K [0x000000076ab00000, 0x000000077cf00000, 0x00000007c0000000)
  eden space 254464K, 0% used [0x000000076ab00000,0x000000076ab00000,0x000000077a380000)
  from space 17408K, 0% used [0x000000077b380000,0x000000077b380000,0x000000077c480000)
  to   space 16384K, 0% used [0x000000077a380000,0x000000077a380000,0x000000077b380000)
 ParOldGen       total 148992K, used 21259K [0x00000006c0000000, 0x00000006c9180000, 0x000000076ab00000)
  object space 148992K, 14% used [0x00000006c0000000,0x00000006c14c2f38,0x00000006c9180000)
 Metaspace       used 34011K, capacity 35454K, committed 35496K, reserved 1079296K
  class space    used 4565K, capacity 4862K, committed 4864K, reserved 1048576K
}
Event: 4.153 GC heap before
{Heap before GC invocations=11 (full 2):
 PSYoungGen      total 271872K, used 254464K [0x000000076ab00000, 0x000000077cf00000, 0x00000007c0000000)
  eden space 254464K, 100% used [0x000000076ab00000,0x000000077a380000,0x000000077a380000)
  from space 17408K, 0% used [0x000000077b380000,0x000000077b380000,0x000000077c480000)
  to   space 16384K, 0% used [0x000000077a380000,0x000000077a380000,0x000000077b380000)
 ParOldGen       total 148992K, used 21259K [0x00000006c0000000, 0x00000006c9180000, 0x000000076ab00000)
  object space 148992K, 14% used [0x00000006c0000000,0x00000006c14c2f38,0x00000006c9180000)
 Metaspace       used 38352K, capacity 40306K, committed 40576K, reserved 1083392K
  class space    used 5260K, capacity 5640K, committed 5760K, reserved 1048576K
Event: 4.163 GC heap after
Heap after GC invocations=11 (full 2):
 PSYoungGen      total 270848K, used 12314K [0x000000076ab00000, 0x0000000781a80000, 0x00000007c0000000)
  eden space 254464K, 0% used [0x000000076ab00000,0x000000076ab00000,0x000000077a380000)
  from space 16384K, 75% used [0x000000077a380000,0x000000077af86818,0x000000077b380000)
  to   space 16896K, 0% used [0x0000000780a00000,0x0000000780a00000,0x0000000781a80000)
 ParOldGen       total 148992K, used 21267K [0x00000006c0000000, 0x00000006c9180000, 0x000000076ab00000)
  object space 148992K, 14% used [0x00000006c0000000,0x00000006c14c4f38,0x00000006c9180000)
 Metaspace       used 38352K, capacity 40306K, committed 40576K, reserved 1083392K
  class space    used 5260K, capacity 5640K, committed 5760K, reserved 1048576K
}
Event: 5.459 GC heap before
{Heap before GC invocations=12 (full 2):
 PSYoungGen      total 270848K, used 266778K [0x000000076ab00000, 0x0000000781a80000, 0x00000007c0000000)
  eden space 254464K, 100% used [0x000000076ab00000,0x000000077a380000,0x000000077a380000)
  from space 16384K, 75% used [0x000000077a380000,0x000000077af86818,0x000000077b380000)
  to   space 16896K, 0% used [0x0000000780a00000,0x0000000780a00000,0x0000000781a80000)
 ParOldGen       total 148992K, used 21267K [0x00000006c0000000, 0x00000006c9180000, 0x000000076ab00000)
  object space 148992K, 14% used [0x00000006c0000000,0x00000006c14c4f38,0x00000006c9180000)
 Metaspace       used 41187K, capacity 43340K, committed 43520K, reserved 1087488K
  class space    used 5697K, capacity 6091K, committed 6144K, reserved 1048576K
Event: 5.471 GC heap after
Heap after GC invocations=12 (full 2):
 PSYoungGen      total 352768K, used 16804K [0x000000076ab00000, 0x0000000781a80000, 0x00000007c0000000)
  eden space 335872K, 0% used [0x000000076ab00000,0x000000076ab00000,0x000000077f300000)
  from space 16896K, 99% used [0x0000000780a00000,0x0000000781a691f8,0x0000000781a80000)
  to   space 18432K, 0% used [0x000000077f680000,0x000000077f680000,0x0000000780880000)
 ParOldGen       total 148992K, used 21275K [0x00000006c0000000, 0x00000006c9180000, 0x000000076ab00000)
  object space 148992K, 14% used [0x00000006c0000000,0x00000006c14c6f38,0x00000006c9180000)
 Metaspace       used 41187K, capacity 43340K, committed 43520K, reserved 1087488K
  class space    used 5697K, capacity 6091K, committed 6144K, reserved 1048576K
}

Deoptimization events (0 events):
No events

Internal exceptions (10 events):
Event: 5.535 Thread 0x00007ff4e7000000 Exception <a 'java/net/BindException'> (0x000000076b2e3d30) thrown at [/Users/java_re/workspace/8-2-build-macosx-x86_64/jdk8u91/6644/hotspot/src/share/vm/prims/jni.cpp, line 709]
Event: 5.541 Thread 0x00007ff4e6609800 Exception <a 'java/lang/InterruptedException': sleep interrupted> (0x000000076b68c850) thrown at [/Users/java_re/workspace/8-2-build-macosx-x86_64/jdk8u91/6644/hotspot/src/share/vm/prims/jvm.cpp, line 3215]
Event: 5.546 Thread 0x00007ff4e662b000 Exception <a 'java/lang/InterruptedException': sleep interrupted> (0x000000076bd8d968) thrown at [/Users/java_re/workspace/8-2-build-macosx-x86_64/jdk8u91/6644/hotspot/src/share/vm/prims/jvm.cpp, line 3215]
Event: 5.550 Thread 0x00007ff4e7000000 Exception <a 'java/lang/ArrayIndexOutOfBoundsException'> (0x000000076b43ff58) thrown at [/Users/java_re/workspace/8-2-build-macosx-x86_64/jdk8u91/6644/hotspot/src/share/vm/runtime/sharedRuntime.cpp, line 605]
Event: 5.550 Thread 0x00007ff4e7000000 Exception <a 'java/lang/ArrayIndexOutOfBoundsException'> (0x000000076b449028) thrown at [/Users/java_re/workspace/8-2-build-macosx-x86_64/jdk8u91/6644/hotspot/src/share/vm/runtime/sharedRuntime.cpp, line 605]
Event: 5.550 Thread 0x00007ff4e7000000 Exception <a 'java/lang/ArrayIndexOutOfBoundsException'> (0x000000076b44a8d0) thrown at [/Users/java_re/workspace/8-2-build-macosx-x86_64/jdk8u91/6644/hotspot/src/share/vm/runtime/sharedRuntime.cpp, line 605]
Event: 5.551 Thread 0x00007ff4e7000000 Exception <a 'java/lang/ArrayIndexOutOfBoundsException'> (0x000000076b454a98) thrown at [/Users/java_re/workspace/8-2-build-macosx-x86_64/jdk8u91/6644/hotspot/src/share/vm/runtime/sharedRuntime.cpp, line 605]
Event: 5.551 Thread 0x00007ff4e7000000 Exception <a 'java/lang/ArrayIndexOutOfBoundsException'> (0x000000076b45c678) thrown at [/Users/java_re/workspace/8-2-build-macosx-x86_64/jdk8u91/6644/hotspot/src/share/vm/runtime/sharedRuntime.cpp, line 605]
Event: 5.551 Thread 0x00007ff4e7000000 Exception <a 'java/lang/ArrayIndexOutOfBoundsException'> (0x000000076b470eb0) thrown at [/Users/java_re/workspace/8-2-build-macosx-x86_64/jdk8u91/6644/hotspot/src/share/vm/runtime/sharedRuntime.cpp, line 605]
Event: 5.552 Thread 0x00007ff4e7000000 Exception <a 'java/lang/ArrayIndexOutOfBoundsException'> (0x000000076b479710) thrown at [/Users/java_re/workspace/8-2-build-macosx-x86_64/jdk8u91/6644/hotspot/src/share/vm/runtime/sharedRuntime.cpp, line 605]

Events (10 events):
Event: 166.568 Executing VM operation: RedefineClasses
Event: 166.587 Executing VM operation: RedefineClasses done
Event: 166.594 Executing VM operation: ChangeBreakpoints
Event: 166.594 Executing VM operation: ChangeBreakpoints done
Event: 173.927 Executing VM operation: RedefineClasses
Event: 173.947 Executing VM operation: RedefineClasses done
Event: 173.956 Executing VM operation: ChangeBreakpoints
Event: 173.957 Executing VM operation: ChangeBreakpoints done
Event: 176.906 Executing VM operation: RedefineClasses
Event: 176.925 Executing VM operation: RedefineClasses done


Dynamic libraries:
0x0000000016086000 	/System/Library/Frameworks/Cocoa.framework/Versions/A/Cocoa
0x0000000016086000 	/System/Library/Frameworks/Security.framework/Versions/A/Security
0x0000000016086000 	/System/Library/Frameworks/ApplicationServices.framework/Versions/A/ApplicationServices
0x0000000016086000 	/usr/lib/libz.1.dylib
0x0000000016086000 	/usr/lib/libSystem.B.dylib
0x0000000016086000 	/usr/lib/libobjc.A.dylib
0x0000000016086000 	/System/Library/Frameworks/CoreFoundation.framework/Versions/A/CoreFoundation
0x0000000016086000 	/System/Library/Frameworks/Foundation.framework/Versions/C/Foundation
0x0000000016086000 	/System/Library/Frameworks/AppKit.framework/Versions/C/AppKit
0x0000000016086000 	/System/Library/Frameworks/CoreData.framework/Versions/A/CoreData
0x0000000016086000 	/System/Library/PrivateFrameworks/RemoteViewServices.framework/Versions/A/RemoteViewServices
0x0000000016086000 	/System/Library/PrivateFrameworks/UIFoundation.framework/Versions/A/UIFoundation
0x0000000016086000 	/System/Library/PrivateFrameworks/DFRFoundation.framework/Versions/A/DFRFoundation
0x0000000016086000 	/usr/lib/libenergytrace.dylib
0x0000000016086000 	/System/Library/PrivateFrameworks/SkyLight.framework/Versions/A/SkyLight
0x0000000016086000 	/System/Library/Frameworks/CoreGraphics.framework/Versions/A/CoreGraphics
0x0000000016086000 	/usr/lib/libScreenReader.dylib
0x0000000016086000 	/System/Library/Frameworks/Accelerate.framework/Versions/A/Accelerate
0x0000000016086000 	/System/Library/Frameworks/IOSurface.framework/Versions/A/IOSurface
0x0000000016086000 	/System/Library/Frameworks/AudioToolbox.framework/Versions/A/AudioToolbox
0x0000000016086000 	/System/Library/Frameworks/AudioUnit.framework/Versions/A/AudioUnit
0x0000000016086000 	/System/Library/PrivateFrameworks/DataDetectorsCore.framework/Versions/A/DataDetectorsCore
0x0000000016086000 	/System/Library/PrivateFrameworks/DesktopServicesPriv.framework/Versions/A/DesktopServicesPriv
0x0000000016086000 	/System/Library/Frameworks/Carbon.framework/Versions/A/Frameworks/HIToolbox.framework/Versions/A/HIToolbox
0x0000000016086000 	/usr/lib/libicucore.A.dylib
0x0000000016086000 	/System/Library/Frameworks/QuartzCore.framework/Versions/A/QuartzCore
0x0000000016086000 	/System/Library/Frameworks/Carbon.framework/Versions/A/Frameworks/SpeechRecognition.framework/Versions/A/SpeechRecognition
0x0000000016086000 	/usr/lib/libauto.dylib
0x0000000016086000 	/usr/lib/libxml2.2.dylib
0x0000000016086000 	/System/Library/PrivateFrameworks/CoreUI.framework/Versions/A/CoreUI
0x0000000016086000 	/System/Library/Frameworks/CoreAudio.framework/Versions/A/CoreAudio
0x0000000016086000 	/System/Library/Frameworks/DiskArbitration.framework/Versions/A/DiskArbitration
0x0000000016086000 	/usr/lib/liblangid.dylib
0x0000000016086000 	/System/Library/PrivateFrameworks/MultitouchSupport.framework/Versions/A/MultitouchSupport
0x0000000016086000 	/System/Library/Frameworks/IOKit.framework/Versions/A/IOKit
0x0000000016086000 	/usr/lib/libDiagnosticMessagesClient.dylib
0x0000000016086000 	/System/Library/Frameworks/CoreServices.framework/Versions/A/CoreServices
0x0000000016086000 	/System/Library/PrivateFrameworks/PerformanceAnalysis.framework/Versions/A/PerformanceAnalysis
0x0000000016086000 	/System/Library/PrivateFrameworks/GenerationalStorage.framework/Versions/A/GenerationalStorage
0x0000000016086000 	/System/Library/Frameworks/OpenGL.framework/Versions/A/OpenGL
0x0000000016086000 	/System/Library/Frameworks/CoreImage.framework/Versions/A/CoreImage
0x0000000016086000 	/System/Library/Frameworks/CoreText.framework/Versions/A/CoreText
0x0000000016086000 	/System/Library/Frameworks/ImageIO.framework/Versions/A/ImageIO
0x0000000016086000 	/System/Library/PrivateFrameworks/Backup.framework/Versions/A/Backup
0x0000000016086000 	/usr/lib/libarchive.2.dylib
0x0000000016086000 	/System/Library/Frameworks/CFNetwork.framework/Versions/A/CFNetwork
0x0000000016086000 	/System/Library/Frameworks/SystemConfiguration.framework/Versions/A/SystemConfiguration
0x0000000016086000 	/usr/lib/libCRFSuite.dylib
0x0000000016086000 	/usr/lib/libc++.1.dylib
0x0000000016086000 	/usr/lib/libc++abi.dylib
0x0000000016086000 	/usr/lib/system/libcache.dylib
0x0000000016086000 	/usr/lib/system/libcommonCrypto.dylib
0x0000000016086000 	/usr/lib/system/libcompiler_rt.dylib
0x0000000016086000 	/usr/lib/system/libcopyfile.dylib
0x0000000016086000 	/usr/lib/system/libcorecrypto.dylib
0x0000000016086000 	/usr/lib/system/libdispatch.dylib
0x0000000016086000 	/usr/lib/system/libdyld.dylib
0x0000000016086000 	/usr/lib/system/libkeymgr.dylib
0x0000000016086000 	/usr/lib/system/liblaunch.dylib
0x0000000016086000 	/usr/lib/system/libmacho.dylib
0x0000000016086000 	/usr/lib/system/libquarantine.dylib
0x0000000016086000 	/usr/lib/system/libremovefile.dylib
0x0000000016086000 	/usr/lib/system/libsystem_asl.dylib
0x0000000016086000 	/usr/lib/system/libsystem_blocks.dylib
0x0000000016086000 	/usr/lib/system/libsystem_c.dylib
0x0000000016086000 	/usr/lib/system/libsystem_configuration.dylib
0x0000000016086000 	/usr/lib/system/libsystem_coreservices.dylib
0x0000000016086000 	/usr/lib/system/libsystem_coretls.dylib
0x0000000016086000 	/usr/lib/system/libsystem_dnssd.dylib
0x0000000016086000 	/usr/lib/system/libsystem_info.dylib
0x0000000016086000 	/usr/lib/system/libsystem_kernel.dylib
0x0000000016086000 	/usr/lib/system/libsystem_m.dylib
0x0000000016086000 	/usr/lib/system/libsystem_malloc.dylib
0x0000000016086000 	/usr/lib/system/libsystem_network.dylib
0x0000000016086000 	/usr/lib/system/libsystem_networkextension.dylib
0x0000000016086000 	/usr/lib/system/libsystem_notify.dylib
0x0000000016086000 	/usr/lib/system/libsystem_platform.dylib
0x0000000016086000 	/usr/lib/system/libsystem_pthread.dylib
0x0000000016086000 	/usr/lib/system/libsystem_sandbox.dylib
0x0000000016086000 	/usr/lib/system/libsystem_secinit.dylib
0x0000000016086000 	/usr/lib/system/libsystem_symptoms.dylib
0x0000000016086000 	/usr/lib/system/libsystem_trace.dylib
0x0000000016086000 	/usr/lib/system/libunwind.dylib
0x0000000016086000 	/usr/lib/system/libxpc.dylib
0x0000000016086000 	/usr/lib/libbsm.0.dylib
0x0000000016086000 	/usr/lib/system/libkxld.dylib
0x0000000016086000 	/usr/lib/libcoretls.dylib
0x0000000016086000 	/usr/lib/libcoretls_cfhelpers.dylib
0x0000000016086000 	/usr/lib/libOpenScriptingUtil.dylib
0x0000000016086000 	/usr/lib/libpam.2.dylib
0x0000000016086000 	/usr/lib/libsqlite3.dylib
0x0000000016086000 	/usr/lib/libxar.1.dylib
0x0000000016086000 	/usr/lib/libbz2.1.0.dylib
0x0000000016086000 	/usr/lib/liblzma.5.dylib
0x0000000016086000 	/usr/lib/libnetwork.dylib
0x0000000016086000 	/usr/lib/libpcap.A.dylib
0x0000000016086000 	/System/Library/Frameworks/CoreServices.framework/Versions/A/Frameworks/FSEvents.framework/Versions/A/FSEvents
0x0000000016086000 	/System/Library/Frameworks/CoreServices.framework/Versions/A/Frameworks/CarbonCore.framework/Versions/A/CarbonCore
0x0000000016086000 	/System/Library/Frameworks/CoreServices.framework/Versions/A/Frameworks/Metadata.framework/Versions/A/Metadata
0x0000000016086000 	/System/Library/Frameworks/CoreServices.framework/Versions/A/Frameworks/OSServices.framework/Versions/A/OSServices
0x0000000016086000 	/System/Library/Frameworks/CoreServices.framework/Versions/A/Frameworks/SearchKit.framework/Versions/A/SearchKit
0x0000000016086000 	/System/Library/Frameworks/CoreServices.framework/Versions/A/Frameworks/AE.framework/Versions/A/AE
0x0000000016086000 	/System/Library/Frameworks/CoreServices.framework/Versions/A/Frameworks/LaunchServices.framework/Versions/A/LaunchServices
0x0000000016086000 	/System/Library/Frameworks/CoreServices.framework/Versions/A/Frameworks/DictionaryServices.framework/Versions/A/DictionaryServices
0x0000000016086000 	/System/Library/Frameworks/CoreServices.framework/Versions/A/Frameworks/SharedFileList.framework/Versions/A/SharedFileList
0x0000000016086000 	/System/Library/Frameworks/NetFS.framework/Versions/A/NetFS
0x0000000016086000 	/System/Library/PrivateFrameworks/NetAuth.framework/Versions/A/NetAuth
0x0000000016086000 	/System/Library/PrivateFrameworks/login.framework/Versions/A/Frameworks/loginsupport.framework/Versions/A/loginsupport
0x0000000016086000 	/System/Library/PrivateFrameworks/TCC.framework/Versions/A/TCC
0x0000000016086000 	/usr/lib/libmecabra.dylib
0x0000000016086000 	/System/Library/Frameworks/ApplicationServices.framework/Versions/A/Frameworks/ATS.framework/Versions/A/ATS
0x0000000016086000 	/System/Library/Frameworks/ApplicationServices.framework/Versions/A/Frameworks/ColorSync.framework/Versions/A/ColorSync
0x0000000016086000 	/System/Library/Frameworks/ApplicationServices.framework/Versions/A/Frameworks/HIServices.framework/Versions/A/HIServices
0x0000000016086000 	/System/Library/Frameworks/ApplicationServices.framework/Versions/A/Frameworks/LangAnalysis.framework/Versions/A/LangAnalysis
0x0000000016086000 	/System/Library/Frameworks/ApplicationServices.framework/Versions/A/Frameworks/PrintCore.framework/Versions/A/PrintCore
0x0000000016086000 	/System/Library/Frameworks/ApplicationServices.framework/Versions/A/Frameworks/QD.framework/Versions/A/QD
0x0000000016086000 	/System/Library/Frameworks/ApplicationServices.framework/Versions/A/Frameworks/SpeechSynthesis.framework/Versions/A/SpeechSynthesis
0x0000000016086000 	/System/Library/Frameworks/Accelerate.framework/Versions/A/Frameworks/vImage.framework/Versions/A/vImage
0x0000000016086000 	/System/Library/Frameworks/Accelerate.framework/Versions/A/Frameworks/vecLib.framework/Versions/A/vecLib
0x0000000016086000 	/System/Library/Frameworks/Accelerate.framework/Versions/A/Frameworks/vecLib.framework/Versions/A/libvDSP.dylib
0x0000000016086000 	/System/Library/Frameworks/Accelerate.framework/Versions/A/Frameworks/vecLib.framework/Versions/A/libBNNS.dylib
0x0000000016086000 	/System/Library/Frameworks/Accelerate.framework/Versions/A/Frameworks/vecLib.framework/Versions/A/libQuadrature.dylib
0x0000000016086000 	/System/Library/Frameworks/Accelerate.framework/Versions/A/Frameworks/vecLib.framework/Versions/A/libvMisc.dylib
0x0000000016086000 	/System/Library/Frameworks/Accelerate.framework/Versions/A/Frameworks/vecLib.framework/Versions/A/libLAPACK.dylib
0x0000000016086000 	/System/Library/Frameworks/Accelerate.framework/Versions/A/Frameworks/vecLib.framework/Versions/A/libBLAS.dylib
0x0000000016086000 	/System/Library/Frameworks/Accelerate.framework/Versions/A/Frameworks/vecLib.framework/Versions/A/libLinearAlgebra.dylib
0x0000000016086000 	/System/Library/Frameworks/Accelerate.framework/Versions/A/Frameworks/vecLib.framework/Versions/A/libSparseBLAS.dylib
0x0000000016086000 	/System/Library/Frameworks/ApplicationServices.framework/Versions/A/Frameworks/ATS.framework/Versions/A/Resources/libFontParser.dylib
0x0000000016086000 	/System/Library/Frameworks/ApplicationServices.framework/Versions/A/Frameworks/ATS.framework/Versions/A/Resources/libFontRegistry.dylib
0x0000000016086000 	/System/Library/Frameworks/ImageIO.framework/Versions/A/Resources/libJPEG.dylib
0x0000000016086000 	/System/Library/Frameworks/ImageIO.framework/Versions/A/Resources/libTIFF.dylib
0x0000000016086000 	/System/Library/Frameworks/ImageIO.framework/Versions/A/Resources/libPng.dylib
0x0000000016086000 	/System/Library/Frameworks/ImageIO.framework/Versions/A/Resources/libGIF.dylib
0x0000000016086000 	/System/Library/Frameworks/ImageIO.framework/Versions/A/Resources/libJP2.dylib
0x0000000016086000 	/System/Library/Frameworks/ImageIO.framework/Versions/A/Resources/libRadiance.dylib
0x0000000016086000 	/usr/lib/libcompression.dylib
0x0000000016086000 	/System/Library/PrivateFrameworks/AppleJPEG.framework/Versions/A/AppleJPEG
0x0000000016086000 	/usr/lib/libcups.2.dylib
0x0000000016086000 	/System/Library/Frameworks/Kerberos.framework/Versions/A/Kerberos
0x0000000016086000 	/System/Library/Frameworks/GSS.framework/Versions/A/GSS
0x0000000016086000 	/usr/lib/libresolv.9.dylib
0x0000000016086000 	/usr/lib/libiconv.2.dylib
0x0000000016086000 	/System/Library/PrivateFrameworks/Heimdal.framework/Versions/A/Heimdal
0x0000000016086000 	/usr/lib/libheimdal-asn1.dylib
0x0000000016086000 	/System/Library/Frameworks/OpenDirectory.framework/Versions/A/OpenDirectory
0x0000000016086000 	/System/Library/PrivateFrameworks/CommonAuth.framework/Versions/A/CommonAuth
0x0000000016086000 	/System/Library/Frameworks/OpenDirectory.framework/Versions/A/Frameworks/CFOpenDirectory.framework/Versions/A/CFOpenDirectory
0x0000000016086000 	/System/Library/Frameworks/SecurityFoundation.framework/Versions/A/SecurityFoundation
0x0000000016086000 	/System/Library/PrivateFrameworks/LanguageModeling.framework/Versions/A/LanguageModeling
0x0000000016086000 	/usr/lib/libmarisa.dylib
0x0000000016086000 	/usr/lib/libChineseTokenizer.dylib
0x0000000016086000 	/usr/lib/libcmph.dylib
0x0000000016086000 	/System/Library/PrivateFrameworks/CoreEmoji.framework/Versions/A/CoreEmoji
0x0000000016086000 	/System/Library/Frameworks/ServiceManagement.framework/Versions/A/ServiceManagement
0x0000000016086000 	/usr/lib/libxslt.1.dylib
0x0000000016086000 	/System/Library/Frameworks/Carbon.framework/Versions/A/Frameworks/Ink.framework/Versions/A/Ink
0x0000000016086000 	/System/Library/PrivateFrameworks/TextureIO.framework/Versions/A/TextureIO
0x0000000016086000 	/System/Library/Frameworks/Metal.framework/Versions/A/Metal
0x0000000016086000 	/usr/lib/libate.dylib
0x0000000016086000 	/System/Library/PrivateFrameworks/GPUCompiler.framework/libmetal_timestamp.dylib
0x0000000016086000 	/System/Library/Frameworks/OpenGL.framework/Versions/A/Libraries/libCoreFSCache.dylib
0x0000000016086000 	/System/Library/PrivateFrameworks/IOAccelerator.framework/Versions/A/IOAccelerator
0x0000000016086000 	/System/Library/Frameworks/CoreVideo.framework/Versions/A/CoreVideo
0x0000000016086000 	/usr/lib/libFosl_dynamic.dylib
0x0000000016086000 	/System/Library/PrivateFrameworks/MetalPerformanceShaders.framework/Versions/A/MetalPerformanceShaders
0x0000000016086000 	/System/Library/PrivateFrameworks/FaceCore.framework/Versions/A/FaceCore
0x0000000016086000 	/System/Library/Frameworks/OpenCL.framework/Versions/A/OpenCL
0x0000000016086000 	/System/Library/Frameworks/OpenGL.framework/Versions/A/Libraries/libGLU.dylib
0x0000000016086000 	/System/Library/Frameworks/OpenGL.framework/Versions/A/Libraries/libGFXShared.dylib
0x0000000016086000 	/System/Library/Frameworks/OpenGL.framework/Versions/A/Libraries/libGL.dylib
0x0000000016086000 	/System/Library/Frameworks/OpenGL.framework/Versions/A/Libraries/libGLImage.dylib
0x0000000016086000 	/System/Library/Frameworks/OpenGL.framework/Versions/A/Libraries/libCVMSPluginSupport.dylib
0x0000000016086000 	/System/Library/Frameworks/OpenGL.framework/Versions/A/Libraries/libCoreVMClient.dylib
0x0000000016086000 	/System/Library/PrivateFrameworks/CrashReporterSupport.framework/Versions/A/CrashReporterSupport
0x0000000016086000 	/System/Library/PrivateFrameworks/Sharing.framework/Versions/A/Sharing
0x0000000016086000 	/System/Library/PrivateFrameworks/IconServices.framework/Versions/A/IconServices
0x0000000016086000 	/System/Library/PrivateFrameworks/ProtocolBuffer.framework/Versions/A/ProtocolBuffer
0x0000000016086000 	/System/Library/PrivateFrameworks/Apple80211.framework/Versions/A/Apple80211
0x0000000016086000 	/System/Library/Frameworks/CoreWLAN.framework/Versions/A/CoreWLAN
0x0000000016086000 	/System/Library/PrivateFrameworks/CoreUtils.framework/Versions/A/CoreUtils
0x0000000016086000 	/System/Library/Frameworks/IOBluetooth.framework/Versions/A/IOBluetooth
0x0000000016086000 	/System/Library/PrivateFrameworks/CoreWiFi.framework/Versions/A/CoreWiFi
0x0000000016086000 	/System/Library/Frameworks/CoreBluetooth.framework/Versions/A/CoreBluetooth
0x0000000016086000 	/System/Library/Frameworks/CoreDisplay.framework/Versions/A/CoreDisplay
0x0000000016086000 	/System/Library/PrivateFrameworks/IOPresentment.framework/Versions/A/IOPresentment
0x0000000016086000 	/System/Library/PrivateFrameworks/DSExternalDisplay.framework/Versions/A/DSExternalDisplay
0x0000000016086000 	/System/Library/PrivateFrameworks/DebugSymbols.framework/Versions/A/DebugSymbols
0x0000000016086000 	/System/Library/PrivateFrameworks/CoreSymbolication.framework/Versions/A/CoreSymbolication
0x0000000016086000 	/System/Library/PrivateFrameworks/Symbolication.framework/Versions/A/Symbolication
0x0000000016086000 	/System/Library/PrivateFrameworks/AppleFSCompression.framework/Versions/A/AppleFSCompression
0x0000000016086000 	/System/Library/PrivateFrameworks/SpeechRecognitionCore.framework/Versions/A/SpeechRecognitionCore
0x0000000016086000 	/System/Library/PrivateFrameworks/ChunkingLibrary.framework/Versions/A/ChunkingLibrary
0x0000000108400000 	/Library/Java/JavaVirtualMachines/jdk1.8.0_91.jdk/Contents/Home/jre/lib/server/libjvm.dylib
0x0000000016086000 	/usr/lib/libstdc++.6.dylib
0x0000000106810000 	/Library/Java/JavaVirtualMachines/jdk1.8.0_91.jdk/Contents/Home/jre/lib/libverify.dylib
0x000000010681e000 	/Library/Java/JavaVirtualMachines/jdk1.8.0_91.jdk/Contents/Home/jre/lib/libjava.dylib
0x0000000106854000 	/Library/Java/JavaVirtualMachines/jdk1.8.0_91.jdk/Contents/Home/jre/lib/libjdwp.dylib
0x000000010689f000 	/Library/Java/JavaVirtualMachines/jdk1.8.0_91.jdk/Contents/Home/jre/lib/libnpt.dylib
0x00000001068ac000 	/Library/Java/JavaVirtualMachines/jdk1.8.0_91.jdk/Contents/Home/jre/lib/libzip.dylib
0x00000001073e6000 	/System/Library/Frameworks/JavaVM.framework/Frameworks/JavaRuntimeSupport.framework/JavaRuntimeSupport
0x00000001239aa000 	/System/Library/Frameworks/JavaVM.framework/Versions/A/Frameworks/JavaNativeFoundation.framework/Versions/A/JavaNativeFoundation
0x00000001239bf000 	/System/Library/Frameworks/JavaVM.framework/Versions/A/JavaVM
0x0000000016086000 	/System/Library/Frameworks/Carbon.framework/Versions/A/Carbon
0x00000001239cc000 	/System/Library/PrivateFrameworks/JavaLaunching.framework/Versions/A/JavaLaunching
0x0000000016086000 	/System/Library/Frameworks/Carbon.framework/Versions/A/Frameworks/CommonPanels.framework/Versions/A/CommonPanels
0x0000000016086000 	/System/Library/Frameworks/Carbon.framework/Versions/A/Frameworks/Help.framework/Versions/A/Help
0x0000000016086000 	/System/Library/Frameworks/Carbon.framework/Versions/A/Frameworks/ImageCapture.framework/Versions/A/ImageCapture
0x0000000016086000 	/System/Library/Frameworks/Carbon.framework/Versions/A/Frameworks/OpenScripting.framework/Versions/A/OpenScripting
0x0000000016086000 	/System/Library/Frameworks/Carbon.framework/Versions/A/Frameworks/Print.framework/Versions/A/Print
0x0000000016086000 	/System/Library/Frameworks/Carbon.framework/Versions/A/Frameworks/SecurityHI.framework/Versions/A/SecurityHI
0x00000001252da000 	/Library/Java/JavaVirtualMachines/jdk1.8.0_91.jdk/Contents/Home/jre/lib/libdt_socket.dylib
0x00000001252e1000 	/Library/Java/JavaVirtualMachines/jdk1.8.0_91.jdk/Contents/Home/jre/lib/libmanagement.dylib
0x00000001252ef000 	/Library/Java/JavaVirtualMachines/jdk1.8.0_91.jdk/Contents/Home/jre/lib/libnet.dylib
0x000000012534e000 	/Library/Java/JavaVirtualMachines/jdk1.8.0_91.jdk/Contents/Home/jre/lib/libnio.dylib
0x0000000126f9f000 	/Library/Java/JavaVirtualMachines/jdk1.8.0_91.jdk/Contents/Home/jre/lib/libsunec.dylib

VM Arguments:
jvm_args: -agentlib:jdwp=transport=dt_socket,suspend=y,address=localhost:63431 -Dcom.sun.management.jmxremote -Dcom.sun.management.jmxremote.port=63414 -Dcom.sun.management.jmxremote.authenticate=false -Dcom.sun.management.jmxremote.ssl=false -Djava.rmi.server.hostname=localhost -Dspring.liveBeansView.mbeanDomain -Dspring.application.admin.enabled=true -Djava.security.egd=file:/dev/./urandom -Xverify:none -XX:TieredStopAtLevel=1 -Dfile.encoding=UTF-8 
java_command: gov.nist.hit.hl7.igamt.bootstrap.app.BootstrapApplication --spring.output.ansi.enabled=always
java_class_path (initial): /Library/Java/JavaVirtualMachines/jdk1.8.0_91.jdk/Contents/Home/jre/lib/resources.jar:/Library/Java/JavaVirtualMachines/jdk1.8.0_91.jdk/Contents/Home/jre/lib/rt.jar:/Library/Java/JavaVirtualMachines/jdk1.8.0_91.jdk/Contents/Home/jre/lib/jsse.jar:/Library/Java/JavaVirtualMachines/jdk1.8.0_91.jdk/Contents/Home/jre/lib/jce.jar:/Library/Java/JavaVirtualMachines/jdk1.8.0_91.jdk/Contents/Home/jre/lib/charsets.jar:/Library/Java/JavaVirtualMachines/jdk1.8.0_91.jdk/Contents/Home/jre/lib/jfr.jar:/Library/Java/JavaVirtualMachines/jdk1.8.0_91.jdk/Contents/Home/jre/lib/ext/cldrdata.jar:/Library/Java/JavaVirtualMachines/jdk1.8.0_91.jdk/Contents/Home/jre/lib/ext/dnsns.jar:/Library/Java/JavaVirtualMachines/jdk1.8.0_91.jdk/Contents/Home/jre/lib/ext/jaccess.jar:/Library/Java/JavaVirtualMachines/jdk1.8.0_91.jdk/Contents/Home/jre/lib/ext/jfxrt.jar:/Library/Java/JavaVirtualMachines/jdk1.8.0_91.jdk/Contents/Home/jre/lib/ext/localedata.jar:/Library/Java/JavaVirtualMachines/jdk1.8.0_91.jdk/Contents/Home/jre/lib/ext/nashorn.jar:/Library/Java/JavaVirtualMachines/jdk1.8.0_91.jdk/Contents/Home/jre/lib/ext/sunec.jar:/Library/Java/JavaVirtualMachines/jdk1.8.0_91.jdk/Contents/Home/jre/lib/ext/sunjce_provider.jar:/Library/Java/JavaVirtualMachines/jdk1.8.0_91.jdk/Contents/Home/jre/lib/ext/sunpkcs11.jar:/Library/Java/JavaVirtualMachines/jdk1.8.0_91.jdk/Contents/Home/jre/lib/ext/zipfs.jar:/System/Library/Java/Extensions/MRJToolkit.jar:/Users/ena3/hl7-igamt/bootstrap/target/classes:/Users/ena3/.m2/repository/org/springframework/boot/spring-boot-starter-web/2.0.3.RELEASE/spring-boot-starter-web-2.0.3.RELEASE.jar:/Users/ena3/.m2/repository/org/springframework/boot/spring-boot-starter/2.0.3.RELEASE/spring-boot-starter-2.0.3.RELEASE.jar:/Users/ena3/.m2/repository/org/springframework/boot/spring-boot/2.0.3.RELEASE/spring-boot-2.0.3.RELEASE.jar:/Users/ena3/.m2/repository/org/springframework/boot/spring-boot-autoconfigure/2.0.3.RELEASE/spring-boot-autoconfigure-2.0.3.RELEASE.jar:
Launcher Type: SUN_STANDARD

Environment Variables:
PATH=/usr/bin:/bin:/usr/sbin:/sbin
SHELL=/bin/bash

Signal Handlers:
SIGSEGV: [libjvm.dylib+0x5a97a1], sa_mask[0]=11111111011111110111111111111111, sa_flags=SA_ONSTACK|SA_RESTART|SA_SIGINFO
SIGBUS: [libjvm.dylib+0x5a97a1], sa_mask[0]=11111111011111110111111111111111, sa_flags=SA_RESTART|SA_SIGINFO
SIGFPE: [libjvm.dylib+0x482594], sa_mask[0]=11111111011111110111111111111111, sa_flags=SA_RESTART|SA_SIGINFO
SIGPIPE: [libjvm.dylib+0x482594], sa_mask[0]=11111111011111110111111111111111, sa_flags=SA_RESTART|SA_SIGINFO
SIGXFSZ: [libjvm.dylib+0x482594], sa_mask[0]=11111111011111110111111111111111, sa_flags=SA_RESTART|SA_SIGINFO
SIGILL: [libjvm.dylib+0x482594], sa_mask[0]=11111111011111110111111111111111, sa_flags=SA_RESTART|SA_SIGINFO
SIGUSR1: SIG_DFL, sa_mask[0]=00000000000000000000000000000000, sa_flags=none
SIGUSR2: [libjvm.dylib+0x4820b2], sa_mask[0]=00100000000000000000000000000000, sa_flags=SA_RESTART|SA_SIGINFO
SIGHUP: [libjvm.dylib+0x480689], sa_mask[0]=11111111011111110111111111111111, sa_flags=SA_RESTART|SA_SIGINFO
SIGINT: [libjvm.dylib+0x480689], sa_mask[0]=11111111011111110111111111111111, sa_flags=SA_RESTART|SA_SIGINFO
SIGTERM: [libjvm.dylib+0x480689], sa_mask[0]=11111111011111110111111111111111, sa_flags=SA_RESTART|SA_SIGINFO
SIGQUIT: [libjvm.dylib+0x480689], sa_mask[0]=11111111011111110111111111111111, sa_flags=SA_RESTART|SA_SIGINFO


---------------  S Y S T E M  ---------------

OS:Bsduname:Darwin 16.7.0 Darwin Kernel Version 16.7.0: Thu Jun 21 20:07:39 PDT 2018; root:xnu-3789.73.14~1/RELEASE_X86_64 x86_64
rlimit: STACK 8192k, CORE 0k, NPROC 709, NOFILE 10240, AS infinity
load average:2.53 2.32 2.33

CPU:total 8 (4 cores per cpu, 2 threads per core) family 6 model 70 stepping 1, cmov, cx8, fxsr, mmx, sse, sse2, sse3, ssse3, sse4.1, sse4.2, popcnt, avx, avx2, aes, clmul, erms, lzcnt, ht, tsc, tscinvbit, bmi1, bmi2

Memory: 4k page, physical 16777216k(770508k free)

/proc/meminfo:


vm_info: Java HotSpot(TM) 64-Bit Server VM (25.91-b14) for bsd-amd64 JRE (1.8.0_91-b14), built on Apr  1 2016 01:03:00 by "java_re" with gcc 4.2.1 (Based on Apple Inc. build 5658) (LLVM build 2336.11.00)

time: Wed Jul 11 12:00:19 2018
elapsed time: 176 seconds (0d 0h 2m 56s)

